#
# There is insufficient memory for the Java Runtime Environment to continue.
# Native memory allocation (mmap) failed to map 209715200 bytes for committing reserved memory.
# Possible reasons:
#   The system is out of physical RAM or swap space
#   In 32 bit mode, the process size limit was hit
# Possible solutions:
#   Reduce memory load on the system
#   Increase physical memory or swap space
#   Check if swap backing store is full
#   Use 64 bit Java on a 64 bit OS
#   Decrease Java heap size (-Xmx/-Xms)
#   Decrease number of Java threads
#   Decrease Java thread stack sizes (-Xss)
#   Set larger code cache with -XX:ReservedCodeCacheSize=
# This output file may be truncated or incomplete.
#
#  Out of Memory Error (os_linux.cpp:2640), pid=15257, tid=0x00007f16bffff700
#
# JRE version: OpenJDK Runtime Environment (8.0_152-b01) (build 1.8.0_152-release-915-b01)
# Java VM: OpenJDK 64-Bit Server VM (25.152-b01 mixed mode linux-amd64 compressed oops)
# Failed to write core dump. Core dumps have been disabled. To enable core dumping, try "ulimit -c unlimited" before starting Java again
#

---------------  T H R E A D  ---------------

Current thread (0x00007f16e0078000):  VMThread [stack: 0x00007f16bfeff000,0x00007f16c0000000] [id=15266]

Stack: [0x00007f16bfeff000,0x00007f16c0000000],  sp=0x00007f16bfffe4d0,  free space=1021k
Native frames: (J=compiled Java code, j=interpreted, Vv=VM code, C=native code)
V  [libjvm.so+0x9eb15d]  VMError::report_and_die()+0x15d
V  [libjvm.so+0x4b8eaa]  report_vm_out_of_memory(char const*, int, unsigned long, VMErrorType, char const*)+0x8a
V  [libjvm.so+0x851370]  os::pd_commit_memory(char*, unsigned long, unsigned long, bool)+0xf0
V  [libjvm.so+0x84be8f]  os::commit_memory(char*, unsigned long, unsigned long, bool)+0x1f
V  [libjvm.so+0x8c261b]  PSVirtualSpace::expand_by(unsigned long)+0x5b
V  [libjvm.so+0x8b33fb]  PSOldGen::expand_by(unsigned long) [clone .part.109]+0x1b
V  [libjvm.so+0x8b35bb]  PSOldGen::expand(unsigned long) [clone .part.111]+0xdb
V  [libjvm.so+0x8b3e98]  PSOldGen::resize(unsigned long)+0x188
V  [libjvm.so+0x8b94ac]  PSParallelCompact::invoke_no_policy(bool)+0x97c
V  [libjvm.so+0x8c05bd]  PSScavenge::invoke()+0x17d
V  [libjvm.so+0x8748f3]  ParallelScavengeHeap::failed_mem_allocate(unsigned long)+0x63
V  [libjvm.so+0x9ecc84]  VM_ParallelGCFailedAllocation::doit()+0x84
V  [libjvm.so+0x9f1197]  VM_Operation::evaluate()+0x47
V  [libjvm.so+0x9efb78]  VMThread::evaluate_operation(VM_Operation*)+0x2c8
V  [libjvm.so+0x9efff9]  VMThread::loop()+0x219
V  [libjvm.so+0x9f0442]  VMThread::run()+0x72
V  [libjvm.so+0x84e792]  java_start(Thread*)+0xf2

VM_Operation (0x00007f164acf90a0): ParallelGCFailedAllocation, mode: safepoint, requested by thread 0x00007f166c070000


---------------  P R O C E S S  ---------------

Java Threads: ( => current thread )
  0x00007f166c078000 JavaThread "pool-4-thread-4" [_thread_blocked, id=15358, stack(0x00007f1648f7b000,0x00007f164907c000)]
  0x00007f166c076800 JavaThread "pool-4-thread-3" [_thread_blocked, id=15357, stack(0x00007f164907c000,0x00007f164917d000)]
  0x00007f166c074800 JavaThread "pool-4-thread-2" [_thread_blocked, id=15356, stack(0x00007f164917d000,0x00007f164927e000)]
  0x00007f166c070800 JavaThread "pool-5-thread-1" [_thread_blocked, id=15355, stack(0x00007f164927e000,0x00007f164937f000)]
  0x00007f166c070000 JavaThread "pool-4-thread-1" [_thread_blocked, id=15354, stack(0x00007f164abfa000,0x00007f164acfb000)]
  0x00007f1654014800 JavaThread "pool-2-thread-1" [_thread_blocked, id=15353, stack(0x00007f16bd762000,0x00007f16bd863000)]
  0x00007f1675276800 JavaThread "Task worker for ':' Thread 3" [_thread_blocked, id=15323, stack(0x00007f164aefb000,0x00007f164affc000)]
  0x00007f1675276000 JavaThread "Task worker for ':' Thread 2" [_thread_blocked, id=15322, stack(0x00007f164affc000,0x00007f164b0fd000)]
  0x00007f1675469000 JavaThread "Task worker for ':'" [_thread_blocked, id=15321, stack(0x00007f164b0fd000,0x00007f164b1fe000)]
  0x00007f167546f000 JavaThread "Cache worker for task history cache (/home/nim_13515091/Desktop/ChatApp-Github/android_v2/ChatApp/.gradle/4.1/taskHistory)" [_thread_blocked, id=15320, stack(0x00007f164b1fe000,0x00007f164b2ff000)]
  0x00007f167545c000 JavaThread "Cache worker for file content cache (/home/nim_13515091/Desktop/ChatApp-Github/android_v2/ChatApp/.gradle/4.1/fileContent)" [_thread_blocked, id=15319, stack(0x00007f164b2ff000,0x00007f164b400000)]
  0x00007f16740ef000 JavaThread "Memory manager" [_thread_blocked, id=15318, stack(0x00007f1690240000,0x00007f1690341000)]
  0x00007f16743c8800 JavaThread "build operations Thread 4" [_thread_blocked, id=15317, stack(0x00007f1690cfc000,0x00007f1690dfd000)]
  0x00007f16743c7800 JavaThread "build operations Thread 3" [_thread_blocked, id=15316, stack(0x00007f1690dfd000,0x00007f1690efe000)]
  0x00007f1674253000 JavaThread "build operations Thread 2" [_thread_blocked, id=15315, stack(0x00007f1690efe000,0x00007f1690fff000)]
  0x00007f167424f800 JavaThread "build operations" [_thread_blocked, id=15314, stack(0x00007f16bc03c000,0x00007f16bc13d000)]
  0x00007f167473a000 JavaThread "Cache worker for Artifact transforms cache (/home/nim_13515091/.gradle/caches/transforms-1)" [_thread_blocked, id=15313, stack(0x00007f16bc33d000,0x00007f16bc43e000)]
  0x00007f167427b800 JavaThread "Cache worker for file hash cache (/home/nim_13515091/Desktop/ChatApp-Github/android_v2/ChatApp/.gradle/4.1/fileHashes)" [_thread_blocked, id=15306, stack(0x00007f16bd05f000,0x00007f16bd160000)]
  0x00007f1674195800 JavaThread "File lock request listener" [_thread_in_native, id=15305, stack(0x00007f16bd360000,0x00007f16bd461000)]
  0x00007f167418e800 JavaThread "Cache worker for file hash cache (/home/nim_13515091/.gradle/caches/4.1/fileHashes)" [_thread_blocked, id=15304, stack(0x00007f16bd461000,0x00007f16bd562000)]
  0x00007f1674002800 JavaThread "Asynchronous log dispatcher for DefaultDaemonConnection: socket connection from /127.0.0.1:41779 to /127.0.0.1:34160" [_thread_blocked, id=15302, stack(0x00007f16bd863000,0x00007f16bd964000)]
  0x00007f1688008000 JavaThread "Daemon worker" [_thread_blocked, id=15299, stack(0x00007f16bd964000,0x00007f16bda65000)]
  0x00007f1688006800 JavaThread "Cancel handler" [_thread_blocked, id=15298, stack(0x00007f16bda65000,0x00007f16bdb66000)]
  0x00007f1688001800 JavaThread "Handler for socket connection from /127.0.0.1:41779 to /127.0.0.1:34160" [_thread_in_native, id=15295, stack(0x00007f16bdb66000,0x00007f16bdc67000)]
  0x00007f168c045000 JavaThread "Daemon" [_thread_blocked, id=15294, stack(0x00007f16bdc67000,0x00007f16bdd68000)]
  0x00007f16e0c78800 JavaThread "Daemon periodic checks" [_thread_blocked, id=15293, stack(0x00007f16bdd68000,0x00007f16bde69000)]
  0x00007f16e0c5b800 JavaThread "Incoming local TCP Connector on port 41779" [_thread_in_native, id=15292, stack(0x00007f16bde70000,0x00007f16bdf71000)]
  0x00007f16e00c1800 JavaThread "Service Thread" daemon [_thread_blocked, id=15273, stack(0x00007f16bf51f000,0x00007f16bf620000)]
  0x00007f16e00be000 JavaThread "C1 CompilerThread2" daemon [_thread_blocked, id=15272, stack(0x00007f16bf620000,0x00007f16bf721000)]
  0x00007f16e00bc800 JavaThread "C2 CompilerThread1" daemon [_thread_blocked, id=15271, stack(0x00007f16bf721000,0x00007f16bf822000)]
  0x00007f16e00b9800 JavaThread "C2 CompilerThread0" daemon [_thread_blocked, id=15270, stack(0x00007f16bf822000,0x00007f16bf923000)]
  0x00007f16e00b8000 JavaThread "Signal Dispatcher" daemon [_thread_blocked, id=15269, stack(0x00007f16bf923000,0x00007f16bfa24000)]
  0x00007f16e0084800 JavaThread "Finalizer" daemon [_thread_blocked, id=15268, stack(0x00007f16bfcfd000,0x00007f16bfdfe000)]
  0x00007f16e0080000 JavaThread "Reference Handler" daemon [_thread_blocked, id=15267, stack(0x00007f16bfdfe000,0x00007f16bfeff000)]
  0x00007f16e000a800 JavaThread "main" [_thread_blocked, id=15261, stack(0x00007f16e78b2000,0x00007f16e79b3000)]

Other Threads:
=>0x00007f16e0078000 VMThread [stack: 0x00007f16bfeff000,0x00007f16c0000000] [id=15266]
  0x00007f16e00c3800 WatcherThread [stack: 0x00007f16bf41e000,0x00007f16bf51f000] [id=15274]

VM state:at safepoint (normal execution)

VM Mutex/Monitor currently owned by a thread:  ([mutex/lock_event])
[0x00007f16e0006960] ExpandHeap_lock - owner thread: 0x00007f16e0078000
[0x00007f16e0006fe0] Threads_lock - owner thread: 0x00007f16e0078000
[0x00007f16e00074e0] Heap_lock - owner thread: 0x00007f166c070000

Heap:
 PSYoungGen      total 349696K, used 60935K [0x00000000e0000000, 0x0000000100000000, 0x0000000100000000)
  eden space 175104K, 0% used [0x00000000e0000000,0x00000000e0000000,0x00000000eab00000)
  from space 174592K, 34% used [0x00000000f5580000,0x00000000f9101f78,0x0000000100000000)
  to   space 174592K, 0% used [0x00000000eab00000,0x00000000eab00000,0x00000000f5580000)
 ParOldGen       total 716800K, used 716781K [0x00000000a0000000, 0x00000000cbc00000, 0x00000000e0000000)
  object space 716800K, 99% used [0x00000000a0000000,0x00000000cbbfb7a8,0x00000000cbc00000)
 Metaspace       used 80622K, capacity 83116K, committed 83288K, reserved 1122304K
  class space    used 10209K, capacity 10799K, committed 10880K, reserved 1048576K

Card table byte_map: [0x00007f16e4437000,0x00007f16e4738000] byte_map_base: 0x00007f16e3f37000

Marking Bits: (ParMarkBitMap*) 0x00007f16e6d7b3e0
 Begin Bits: [0x00007f16cddfe000, 0x00007f16cf5fe000)
 End Bits:   [0x00007f16cf5fe000, 0x00007f16d0dfe000)

Polling page: 0x00007f16e79cf000

CodeCache: size=245760Kb used=51653Kb max_used=52433Kb free=194106Kb
 bounds [0x00007f16d1000000, 0x00007f16d4400000, 0x00007f16e0000000]
 total_blobs=13376 nmethods=12550 adapters=736
 compilation: enabled

Compilation events (10 events):
Event: 180,134 Thread 0x00007f16e00be000 nmethod 16475 0x00007f16d3be53d0 code [0x00007f16d3be5540, 0x00007f16d3be5690]
Event: 180,140 Thread 0x00007f16e00bc800 16480 %     4       com.android.dx.ssa.DomFront::buildDomTree @ 10 (72 bytes)
Event: 180,647 Thread 0x00007f16e00be000 16485       3       com.android.dx.ssa.back.FirstFitLocalCombiningAllocator::findRangeAndAdjust (311 bytes)
Event: 180,649 Thread 0x00007f16e00be000 nmethod 16485 0x00007f16d3cd59d0 code [0x00007f16d3cd5ce0, 0x00007f16d3cd79b8]
Event: 180,652 Thread 0x00007f16e00bc800 nmethod 16480% 0x00007f16d3c80950 code [0x00007f16d3c80b00, 0x00007f16d3c81238]
Event: 180,652 Thread 0x00007f16e00bc800 16482       4       com.android.dx.ssa.SsaConverter::placePhiFunctions (394 bytes)
Event: 180,690 Thread 0x00007f16e00be000 16486       3       com.android.dx.ssa.SsaBasicBlock::checkRegUsed (39 bytes)
Event: 180,691 Thread 0x00007f16e00be000 nmethod 16486 0x00007f16d3c88510 code [0x00007f16d3c886c0, 0x00007f16d3c88c78]
Event: 181,278 Thread 0x00007f16e00b9800 nmethod 16476 0x00007f16d1da1ad0 code [0x00007f16d1da1c40, 0x00007f16d1da2048]
Event: 181,278 Thread 0x00007f16e00b9800 16481       4       com.android.dx.ssa.DomFront::<init> (60 bytes)

GC Heap History (10 events):
Event: 161,512 GC heap after
Heap after GC invocations=58 (full 9):
 PSYoungGen      total 346624K, used 154054K [0x00000000e0000000, 0x0000000100000000, 0x0000000100000000)
  eden space 192512K, 0% used [0x00000000e0000000,0x00000000e0000000,0x00000000ebc00000)
  from space 154112K, 99% used [0x00000000ebc00000,0x00000000f5271bd0,0x00000000f5280000)
  to   space 174592K, 0% used [0x00000000f5580000,0x00000000f5580000,0x0000000100000000)
 ParOldGen       total 525312K, used 438912K [0x00000000a0000000, 0x00000000c0100000, 0x00000000e0000000)
  object space 525312K, 83% used [0x00000000a0000000,0x00000000baca03e8,0x00000000c0100000)
 Metaspace       used 80600K, capacity 83116K, committed 83288K, reserved 1122304K
  class space    used 10208K, capacity 10799K, committed 10880K, reserved 1048576K
}
Event: 165,021 GC heap before
{Heap before GC invocations=59 (full 9):
 PSYoungGen      total 346624K, used 346566K [0x00000000e0000000, 0x0000000100000000, 0x0000000100000000)
  eden space 192512K, 100% used [0x00000000e0000000,0x00000000ebc00000,0x00000000ebc00000)
  from space 154112K, 99% used [0x00000000ebc00000,0x00000000f5271bd0,0x00000000f5280000)
  to   space 174592K, 0% used [0x00000000f5580000,0x00000000f5580000,0x0000000100000000)
 ParOldGen       total 525312K, used 438912K [0x00000000a0000000, 0x00000000c0100000, 0x00000000e0000000)
  object space 525312K, 83% used [0x00000000a0000000,0x00000000baca03e8,0x00000000c0100000)
 Metaspace       used 80617K, capacity 83116K, committed 83288K, reserved 1122304K
  class space    used 10209K, capacity 10799K, committed 10880K, reserved 1048576K
Event: 170,416 GC heap after
Heap after GC invocations=59 (full 9):
 PSYoungGen      total 349696K, used 108246K [0x00000000e0000000, 0x0000000100000000, 0x0000000100000000)
  eden space 175104K, 0% used [0x00000000e0000000,0x00000000e0000000,0x00000000eab00000)
  from space 174592K, 61% used [0x00000000f5580000,0x00000000fbf359c0,0x0000000100000000)
  to   space 174592K, 0% used [0x00000000eab00000,0x00000000eab00000,0x00000000f5580000)
 ParOldGen       total 525824K, used 525583K [0x00000000a0000000, 0x00000000c0180000, 0x00000000e0000000)
  object space 525824K, 99% used [0x00000000a0000000,0x00000000c0143e18,0x00000000c0180000)
 Metaspace       used 80617K, capacity 83116K, committed 83288K, reserved 1122304K
  class space    used 10209K, capacity 10799K, committed 10880K, reserved 1048576K
}
Event: 170,416 GC heap before
{Heap before GC invocations=60 (full 10):
 PSYoungGen      total 349696K, used 108246K [0x00000000e0000000, 0x0000000100000000, 0x0000000100000000)
  eden space 175104K, 0% used [0x00000000e0000000,0x00000000e0000000,0x00000000eab00000)
  from space 174592K, 61% used [0x00000000f5580000,0x00000000fbf359c0,0x0000000100000000)
  to   space 174592K, 0% used [0x00000000eab00000,0x00000000eab00000,0x00000000f5580000)
 ParOldGen       total 525824K, used 525583K [0x00000000a0000000, 0x00000000c0180000, 0x00000000e0000000)
  object space 525824K, 99% used [0x00000000a0000000,0x00000000c0143e18,0x00000000c0180000)
 Metaspace       used 80617K, capacity 83116K, committed 83288K, reserved 1122304K
  class space    used 10209K, capacity 10799K, committed 10880K, reserved 1048576K
Event: 174,047 GC heap after
Heap after GC invocations=60 (full 10):
 PSYoungGen      total 349696K, used 101724K [0x00000000e0000000, 0x0000000100000000, 0x0000000100000000)
  eden space 175104K, 0% used [0x00000000e0000000,0x00000000e0000000,0x00000000eab00000)
  from space 174592K, 58% used [0x00000000f5580000,0x00000000fb8d7218,0x0000000100000000)
  to   space 174592K, 0% used [0x00000000eab00000,0x00000000eab00000,0x00000000f5580000)
 ParOldGen       total 684544K, used 525395K [0x00000000a0000000, 0x00000000c9c80000, 0x00000000e0000000)
  object space 684544K, 76% used [0x00000000a0000000,0x00000000c0114e50,0x00000000c9c80000)
 Metaspace       used 80617K, capacity 83116K, committed 83288K, reserved 1122304K
  class space    used 10209K, capacity 10799K, committed 10880K, reserved 1048576K
}
Event: 174,454 GC heap before
{Heap before GC invocations=61 (full 10):
 PSYoungGen      total 349696K, used 276828K [0x00000000e0000000, 0x0000000100000000, 0x0000000100000000)
  eden space 175104K, 100% used [0x00000000e0000000,0x00000000eab00000,0x00000000eab00000)
  from space 174592K, 58% used [0x00000000f5580000,0x00000000fb8d7218,0x0000000100000000)
  to   space 174592K, 0% used [0x00000000eab00000,0x00000000eab00000,0x00000000f5580000)
 ParOldGen       total 684544K, used 525395K [0x00000000a0000000, 0x00000000c9c80000, 0x00000000e0000000)
  object space 684544K, 76% used [0x00000000a0000000,0x00000000c0114e50,0x00000000c9c80000)
 Metaspace       used 80617K, capacity 83116K, committed 83288K, reserved 1122304K
  class space    used 10209K, capacity 10799K, committed 10880K, reserved 1048576K
Event: 180,128 GC heap after
Heap after GC invocations=61 (full 10):
 PSYoungGen      total 349696K, used 126877K [0x00000000e0000000, 0x0000000100000000, 0x0000000100000000)
  eden space 175104K, 0% used [0x00000000e0000000,0x00000000e0000000,0x00000000eab00000)
  from space 174592K, 72% used [0x00000000eab00000,0x00000000f26e7760,0x00000000f5580000)
  to   space 174592K, 0% used [0x00000000f5580000,0x00000000f5580000,0x0000000100000000)
 ParOldGen       total 684544K, used 587784K [0x00000000a0000000, 0x00000000c9c80000, 0x00000000e0000000)
  object space 684544K, 85% used [0x00000000a0000000,0x00000000c3e020b0,0x00000000c9c80000)
 Metaspace       used 80617K, capacity 83116K, committed 83288K, reserved 1122304K
  class space    used 10209K, capacity 10799K, committed 10880K, reserved 1048576K
}
Event: 181,545 GC heap before
{Heap before GC invocations=62 (full 10):
 PSYoungGen      total 349696K, used 301981K [0x00000000e0000000, 0x0000000100000000, 0x0000000100000000)
  eden space 175104K, 100% used [0x00000000e0000000,0x00000000eab00000,0x00000000eab00000)
  from space 174592K, 72% used [0x00000000eab00000,0x00000000f26e7760,0x00000000f5580000)
  to   space 174592K, 0% used [0x00000000f5580000,0x00000000f5580000,0x0000000100000000)
 ParOldGen       total 684544K, used 587784K [0x00000000a0000000, 0x00000000c9c80000, 0x00000000e0000000)
  object space 684544K, 85% used [0x00000000a0000000,0x00000000c3e020b0,0x00000000c9c80000)
 Metaspace       used 80622K, capacity 83116K, committed 83288K, reserved 1122304K
  class space    used 10209K, capacity 10799K, committed 10880K, reserved 1048576K
Event: 193,220 GC heap after
Heap after GC invocations=62 (full 10):
 PSYoungGen      total 349696K, used 67140K [0x00000000e0000000, 0x0000000100000000, 0x0000000100000000)
  eden space 175104K, 0% used [0x00000000e0000000,0x00000000e0000000,0x00000000eab00000)
  from space 174592K, 38% used [0x00000000f5580000,0x00000000f97113f0,0x0000000100000000)
  to   space 174592K, 0% used [0x00000000eab00000,0x00000000eab00000,0x00000000f5580000)
 ParOldGen       total 716800K, used 716321K [0x00000000a0000000, 0x00000000cbc00000, 0x00000000e0000000)
  object space 716800K, 99% used [0x00000000a0000000,0x00000000cbb88678,0x00000000cbc00000)
 Metaspace       used 80622K, capacity 83116K, committed 83288K, reserved 1122304K
  class space    used 10209K, capacity 10799K, committed 10880K, reserved 1048576K
}
Event: 193,417 GC heap before
{Heap before GC invocations=63 (full 11):
 PSYoungGen      total 349696K, used 67140K [0x00000000e0000000, 0x0000000100000000, 0x0000000100000000)
  eden space 175104K, 0% used [0x00000000e0000000,0x00000000e0000000,0x00000000eab00000)
  from space 174592K, 38% used [0x00000000f5580000,0x00000000f97113f0,0x0000000100000000)
  to   space 174592K, 0% used [0x00000000eab00000,0x00000000eab00000,0x00000000f5580000)
 ParOldGen       total 716800K, used 716321K [0x00000000a0000000, 0x00000000cbc00000, 0x00000000e0000000)
  object space 716800K, 99% used [0x00000000a0000000,0x00000000cbb88678,0x00000000cbc00000)
 Metaspace       used 80622K, capacity 83116K, committed 83288K, reserved 1122304K
  class space    used 10209K, capacity 10799K, committed 10880K, reserved 1048576K

Deoptimization events (10 events):
Event: 152,811 Thread 0x00007f1654014800 Uncommon trap: reason=bimorphic action=maybe_recompile pc=0x00007f16d1ef94d0 method=com.android.dx.cf.code.BytecodeArray.parseInstruction(ILcom/android/dx/cf/code/BytecodeArray$Visitor;)I @ 1067
Event: 160,141 Thread 0x00007f166c076800 Uncommon trap: reason=unstable_if action=reinterpret pc=0x00007f16d3fc2850 method=java.util.concurrent.ConcurrentHashMap.putVal(Ljava/lang/Object;Ljava/lang/Object;Z)Ljava/lang/Object; @ 331
Event: 160,893 Thread 0x00007f166c070000 Uncommon trap: reason=unstable_if action=reinterpret pc=0x00007f16d22ee550 method=com.android.dx.cf.code.OneLocalsArray.set(ILcom/android/dx/rop/type/TypeBearer;)V @ 93
Event: 163,371 Thread 0x00007f166c076800 Uncommon trap: reason=unstable_if action=reinterpret pc=0x00007f16d40b0a34 method=java.util.concurrent.ConcurrentHashMap.putVal(Ljava/lang/Object;Ljava/lang/Object;Z)Ljava/lang/Object; @ 152
Event: 163,908 Thread 0x00007f166c076800 Uncommon trap: reason=bimorphic action=maybe_recompile pc=0x00007f16d43cf244 method=com.android.dx.cf.code.BytecodeArray.parseInstruction(ILcom/android/dx/cf/code/BytecodeArray$Visitor;)I @ 1891
Event: 163,908 Thread 0x00007f166c076800 Uncommon trap: reason=bimorphic action=maybe_recompile pc=0x00007f16d43cf244 method=com.android.dx.cf.code.BytecodeArray.parseInstruction(ILcom/android/dx/cf/code/BytecodeArray$Visitor;)I @ 1891
Event: 164,859 Thread 0x00007f166c074800 Uncommon trap: reason=unstable_if action=reinterpret pc=0x00007f16d16c0e38 method=java.util.concurrent.ConcurrentHashMap.transfer([Ljava/util/concurrent/ConcurrentHashMap$Node;[Ljava/util/concurrent/ConcurrentHashMap$Node;)V @ 277
Event: 164,859 Thread 0x00007f166c070000 Uncommon trap: reason=unstable_if action=reinterpret pc=0x00007f16d16c0e38 method=java.util.concurrent.ConcurrentHashMap.transfer([Ljava/util/concurrent/ConcurrentHashMap$Node;[Ljava/util/concurrent/ConcurrentHashMap$Node;)V @ 277
Event: 164,859 Thread 0x00007f1654014800 Uncommon trap: reason=unstable_if action=reinterpret pc=0x00007f16d16c0d14 method=java.util.concurrent.ConcurrentHashMap.transfer([Ljava/util/concurrent/ConcurrentHashMap$Node;[Ljava/util/concurrent/ConcurrentHashMap$Node;)V @ 356
Event: 174,373 Thread 0x00007f166c074800 Uncommon trap: reason=predicate action=maybe_recompile pc=0x00007f16d413b1cc method=com.android.dx.ssa.DomFront.run()[Lcom/android/dx/ssa/DomFront$DomInfo; @ 32

Classes redefined (0 events):
No events

Internal exceptions (10 events):
Event: 132,607 Thread 0x00007f16740ef000 Exception <a 'java/io/IOException'> (0x00000000e19cfe08) thrown at [/ssd/Android/AOSP-openjdk-git/jdk8u/hotspot/src/share/vm/prims/jni.cpp, line 709]
Event: 137,607 Thread 0x00007f16740ef000 Exception <a 'java/io/IOException'> (0x00000000e1596508) thrown at [/ssd/Android/AOSP-openjdk-git/jdk8u/hotspot/src/share/vm/prims/jni.cpp, line 709]
Event: 142,607 Thread 0x00007f16740ef000 Exception <a 'java/io/IOException'> (0x00000000e159ee08) thrown at [/ssd/Android/AOSP-openjdk-git/jdk8u/hotspot/src/share/vm/prims/jni.cpp, line 709]
Event: 149,621 Thread 0x00007f16740ef000 Exception <a 'java/io/IOException'> (0x00000000e012adf0) thrown at [/ssd/Android/AOSP-openjdk-git/jdk8u/hotspot/src/share/vm/prims/jni.cpp, line 709]
Event: 152,607 Thread 0x00007f16740ef000 Exception <a 'java/io/IOException'> (0x00000000e7b9e720) thrown at [/ssd/Android/AOSP-openjdk-git/jdk8u/hotspot/src/share/vm/prims/jni.cpp, line 709]
Event: 157,607 Thread 0x00007f16740ef000 Exception <a 'java/io/IOException'> (0x00000000ea424b80) thrown at [/ssd/Android/AOSP-openjdk-git/jdk8u/hotspot/src/share/vm/prims/jni.cpp, line 709]
Event: 163,209 Thread 0x00007f16740ef000 Exception <a 'java/io/IOException'> (0x00000000e0472fb8) thrown at [/ssd/Android/AOSP-openjdk-git/jdk8u/hotspot/src/share/vm/prims/jni.cpp, line 709]
Event: 174,048 Thread 0x00007f16740ef000 Exception <a 'java/io/IOException'> (0x00000000e00aae78) thrown at [/ssd/Android/AOSP-openjdk-git/jdk8u/hotspot/src/share/vm/prims/jni.cpp, line 709]
Event: 174,049 Thread 0x00007f16740ef000 Exception <a 'java/io/IOException'> (0x00000000e02bf310) thrown at [/ssd/Android/AOSP-openjdk-git/jdk8u/hotspot/src/share/vm/prims/jni.cpp, line 709]
Event: 180,128 Thread 0x00007f16740ef000 Exception <a 'java/io/IOException'> (0x00000000e00ecc18) thrown at [/ssd/Android/AOSP-openjdk-git/jdk8u/hotspot/src/share/vm/prims/jni.cpp, line 709]

Events (10 events):
Event: 180,128 Executing VM operation: ParallelGCFailedAllocation done
Event: 180,159 Thread 0x00007f166c076800 DEOPT PACKING pc=0x00007f16d3d1f627 sp=0x00007f164917b1e0
Event: 180,159 Thread 0x00007f166c076800 DEOPT UNPACKING pc=0x00007f16d1047373 sp=0x00007f164917af40 mode 0
Event: 180,580 loading class com/android/dx/util/ListIntSet
Event: 180,580 loading class com/android/dx/util/ListIntSet done
Event: 180,635 Thread 0x00007f166c070000 DEOPT PACKING pc=0x00007f16d3d1f627 sp=0x00007f164acf91e0
Event: 180,635 Thread 0x00007f166c070000 DEOPT UNPACKING pc=0x00007f16d1047373 sp=0x00007f164acf8f40 mode 0
Event: 181,144 Executing VM operation: Deoptimize
Event: 181,145 Executing VM operation: Deoptimize done
Event: 181,297 Executing VM operation: ParallelGCFailedAllocation


Dynamic libraries:
00400000-00401000 r-xp 00000000 08:08 438319                             /home/nim_13515091/android-studio/jre/bin/java
00600000-00601000 r--p 00000000 08:08 438319                             /home/nim_13515091/android-studio/jre/bin/java
00601000-00602000 rw-p 00001000 08:08 438319                             /home/nim_13515091/android-studio/jre/bin/java
021b7000-021d8000 rw-p 00000000 00:00 0                                  [heap]
a0000000-cbc00000 rw-p 00000000 00:00 0 
d8400000-e0000000 ---p 00000000 00:00 0 
e0000000-100000000 rw-p 00000000 00:00 0 
100000000-100aa0000 rw-p 00000000 00:00 0 
100aa0000-140000000 ---p 00000000 00:00 0 
7f1648d7b000-7f1648e3b000 rw-p 00000000 00:00 0 
7f1648e3b000-7f1648f7b000 ---p 00000000 00:00 0 
7f1648f7b000-7f1648f7e000 ---p 00000000 00:00 0 
7f1648f7e000-7f164907c000 rw-p 00000000 00:00 0 
7f164907c000-7f164907f000 ---p 00000000 00:00 0 
7f164907f000-7f164917d000 rw-p 00000000 00:00 0 
7f164917d000-7f1649180000 ---p 00000000 00:00 0 
7f1649180000-7f164927e000 rw-p 00000000 00:00 0 
7f164927e000-7f1649281000 ---p 00000000 00:00 0 
7f1649281000-7f164937f000 rw-p 00000000 00:00 0 
7f164937f000-7f16494a3000 r--s 00b70000 08:08 2259839                    /home/nim_13515091/Desktop/ChatApp-Github/android_v2/ChatApp/app/build/intermediates/transforms/jarMerging/release/0.jar
7f16494a3000-7f16496a3000 rw-p 00000000 00:00 0 
7f16496a3000-7f16498a3000 rw-p 00000000 00:00 0 
7f16498af000-7f1649aaf000 rw-p 00000000 00:00 0 
7f1649afe000-7f1649cfe000 rw-p 00000000 00:00 0 
7f1649cfe000-7f1649efe000 rw-p 00000000 00:00 0 
7f1649efe000-7f164a0fe000 rw-p 00000000 00:00 0 
7f164a0fe000-7f164a2fe000 rw-p 00000000 00:00 0 
7f164a3fa000-7f164a5fa000 rw-p 00000000 00:00 0 
7f164a5fa000-7f164a7fa000 rw-p 00000000 00:00 0 
7f164a7fa000-7f164a9fa000 rw-p 00000000 00:00 0 
7f164a9fa000-7f164abfa000 rw-p 00000000 00:00 0 
7f164abfa000-7f164abfd000 ---p 00000000 00:00 0 
7f164abfd000-7f164aefb000 rw-p 00000000 00:00 0 
7f164aefb000-7f164aefe000 ---p 00000000 00:00 0 
7f164aefe000-7f164affc000 rw-p 00000000 00:00 0 
7f164affc000-7f164afff000 ---p 00000000 00:00 0 
7f164afff000-7f164b0fd000 rw-p 00000000 00:00 0 
7f164b0fd000-7f164b100000 ---p 00000000 00:00 0 
7f164b100000-7f164b1fe000 rw-p 00000000 00:00 0 
7f164b1fe000-7f164b201000 ---p 00000000 00:00 0 
7f164b201000-7f164b2ff000 rw-p 00000000 00:00 0 
7f164b2ff000-7f164b302000 ---p 00000000 00:00 0 
7f164b302000-7f164b600000 rw-p 00000000 00:00 0 
7f164b600000-7f164b800000 rw-p 00000000 00:00 0 
7f164b800000-7f164ba00000 rw-p 00000000 00:00 0 
7f164ba00000-7f164bc00000 rw-p 00000000 00:00 0 
7f164bc00000-7f164be00000 rw-p 00000000 00:00 0 
7f164be00000-7f164c000000 rw-p 00000000 00:00 0 
7f164c000000-7f164c0ac000 rw-p 00000000 00:00 0 
7f164c0ac000-7f1650000000 ---p 00000000 00:00 0 
7f1650000000-7f165008a000 rw-p 00000000 00:00 0 
7f165008a000-7f1654000000 ---p 00000000 00:00 0 
7f1654000000-7f1654053000 rw-p 00000000 00:00 0 
7f1654053000-7f1658000000 ---p 00000000 00:00 0 
7f1658000000-7f1658ebf000 rw-p 00000000 00:00 0 
7f1658ebf000-7f165c000000 ---p 00000000 00:00 0 
7f165c000000-7f165c03b000 rw-p 00000000 00:00 0 
7f165c03b000-7f1660000000 ---p 00000000 00:00 0 
7f1660000000-7f1660028000 rw-p 00000000 00:00 0 
7f1660028000-7f1664000000 ---p 00000000 00:00 0 
7f1664000000-7f1664021000 rw-p 00000000 00:00 0 
7f1664021000-7f1668000000 ---p 00000000 00:00 0 
7f1668000000-7f1668021000 rw-p 00000000 00:00 0 
7f1668021000-7f166c000000 ---p 00000000 00:00 0 
7f166c000000-7f166c228000 rw-p 00000000 00:00 0 
7f166c228000-7f1670000000 ---p 00000000 00:00 0 
7f1670000000-7f167002f000 rw-p 00000000 00:00 0 
7f167002f000-7f1674000000 ---p 00000000 00:00 0 
7f1674000000-7f16758a8000 rw-p 00000000 00:00 0 
7f16758a8000-7f1678000000 ---p 00000000 00:00 0 
7f1678000000-7f167827e000 rw-p 00000000 00:00 0 
7f167827e000-7f167c000000 ---p 00000000 00:00 0 
7f167c000000-7f167c02c000 rw-p 00000000 00:00 0 
7f167c02c000-7f1680000000 ---p 00000000 00:00 0 
7f1680000000-7f1680021000 rw-p 00000000 00:00 0 
7f1680021000-7f1684000000 ---p 00000000 00:00 0 
7f1684000000-7f1684021000 rw-p 00000000 00:00 0 
7f1684021000-7f1688000000 ---p 00000000 00:00 0 
7f1688000000-7f1688021000 rw-p 00000000 00:00 0 
7f1688021000-7f168c000000 ---p 00000000 00:00 0 
7f168c000000-7f168c07a000 rw-p 00000000 00:00 0 
7f168c07a000-7f1690000000 ---p 00000000 00:00 0 
7f169002b000-7f169003d000 r--s 00345000 08:08 438403                     /home/nim_13515091/android-studio/jre/jre/lib/resources.jar
7f169003d000-7f1690040000 r--s 00015000 08:08 438402                     /home/nim_13515091/android-studio/jre/jre/lib/jce.jar
7f1690040000-7f1690240000 rw-p 00000000 00:00 0 
7f1690240000-7f1690243000 ---p 00000000 00:00 0 
7f1690243000-7f1690541000 rw-p 00000000 00:00 0 
7f1690541000-7f1690737000 rw-p 00000000 00:00 0 
7f1690737000-7f1690741000 ---p 00000000 00:00 0 
7f1690741000-7f169074c000 r--s 00081000 08:08 803794                     /home/nim_13515091/.gradle/caches/jars-3/fc6e889a0f45cc9752787eb60f920103/trove4j-20160824.jar
7f169074c000-7f16907cf000 r--s 00758000 08:08 666680                     /home/nim_13515091/.gradle/caches/jars-3/b46ab84062ddfd52701cfe0a9718e764/intellij-core-26.0.1.jar
7f16907cf000-7f16907d5000 r--s 00033000 08:08 666678                     /home/nim_13515091/.gradle/caches/jars-3/f96c897d327ea500d64fe3af2833bd50/commons-codec-1.6.jar
7f16907d5000-7f16907d7000 r--s 0000d000 08:08 666676                     /home/nim_13515091/.gradle/caches/jars-3/ccc849edcf9fccd61ed937bf93ffe896/commons-logging-1.1.1.jar
7f16907d7000-7f16907dd000 r--s 00032000 08:08 666674                     /home/nim_13515091/.gradle/caches/jars-3/72e344059d1923829968d0d38b0c3c72/httpcore-4.2.5.jar
7f16907dd000-7f16907de000 r--s 00004000 08:08 666672                     /home/nim_13515091/.gradle/caches/jars-3/3a4299d1ce3e273e7c03a9ccf5a1e333/annotations-12.0.jar
7f16907de000-7f16907df000 r--s 00000000 08:08 666670                     /home/nim_13515091/.gradle/caches/jars-3/0e2fbc3b8c56d2975eca90c524790c13/animal-sniffer-annotations-1.14.jar
7f16907df000-7f16907e1000 r--s 00001000 08:08 666668                     /home/nim_13515091/.gradle/caches/jars-3/ad41f8f3ac67c0323ce9eb1c20c8dc3f/j2objc-annotations-1.1.jar
7f16907e1000-7f16907e2000 r--s 00002000 08:08 666666                     /home/nim_13515091/.gradle/caches/jars-3/9edb0f46b907c34c4718edabde6c791c/error_prone_annotations-2.0.18.jar
7f16907e2000-7f16907e5000 r--s 00006000 08:08 666664                     /home/nim_13515091/.gradle/caches/jars-3/b58a9bc3bbba42132e4abc0bacae8da1/jsr305-1.3.9.jar
7f16907e5000-7f16907e6000 r--s 0000a000 08:08 666662                     /home/nim_13515091/.gradle/caches/jars-3/5b8b36ed61fe92731031cca3c9b3a0b3/kxml2-2.3.0.jar
7f16907e6000-7f16907e8000 r--s 00005000 08:08 666660                     /home/nim_13515091/.gradle/caches/jars-3/f10e1e1978816198f2eb1189c974b440/httpmime-4.1.jar
7f16907e8000-7f16907f2000 r--s 00061000 08:08 666658                     /home/nim_13515091/.gradle/caches/jars-3/bc4b2527f35dc983f759e8f85f3f8d52/httpclient-4.2.6.jar
7f16907f2000-7f16907fb000 r--s 00064000 08:08 666656                     /home/nim_13515091/.gradle/caches/jars-3/fc37c717528c2a0d27f3e3621835f781/commons-compress-1.12.jar
7f16907fb000-7f1690800000 r--s 0002e000 08:08 666654                     /home/nim_13515091/.gradle/caches/jars-3/c5bcda7f6f4809e9c92270f99e51f154/gson-2.3.jar
7f1690800000-7f1690810000 r--s 000d6000 08:08 666652                     /home/nim_13515091/.gradle/caches/jars-3/dbdb8caed2514263a34702cc763c6785/proguard-base-5.3.3.jar
7f1690810000-7f1690812000 r--s 00003000 08:08 666650                     /home/nim_13515091/.gradle/caches/jars-3/01ab8600ebbfdcaf9b89b45c2b992e82/annotations-13.0.jar
7f1690812000-7f1690813000 r--s 00001000 08:08 666648                     /home/nim_13515091/.gradle/caches/jars-3/dccac9b7f67766e57200b1770178f61c/annotations-26.0.1.jar
7f1690813000-7f1690816000 r--s 00033000 08:08 666646                     /home/nim_13515091/.gradle/caches/jars-3/0ce03714647bf7bd3c78634c20ddbf38/juniversalchardet-1.0.3.jar
7f1690816000-7f169081a000 r--s 0002a000 08:08 666644                     /home/nim_13515091/.gradle/caches/jars-3/9849af6d4b0409ba64061601342f385d/commons-io-2.4.jar
7f169081a000-7f1690831000 r--s 00154000 08:08 666642                     /home/nim_13515091/.gradle/caches/jars-3/57adf9abd30c921d4ea1dfdcfe7b9efd/antlr4-4.5.3.jar
7f1690831000-7f1690832000 r--s 00003000 08:08 666640                     /home/nim_13515091/.gradle/caches/jars-3/54a15dd332fd4c2e246ad396835dc0d2/baseLibrary-3.0.1.jar
7f1690832000-7f1690862000 r--s 00245000 08:08 666638                     /home/nim_13515091/.gradle/caches/jars-3/8e27cdebb49ba2f804f9403d90aaaac5/guava-22.0.jar
7f1690862000-7f169086a000 r--s 000a8000 08:08 666636                     /home/nim_13515091/.gradle/caches/jars-3/6cc57ce9ec0d90186f781694264d61bc/lombok-ast-0.2.3.jar
7f169086a000-7f169086e000 r--s 0002f000 08:08 666634                     /home/nim_13515091/.gradle/caches/jars-3/505fcc8c47da308b2f1262f0ff3c65f1/jimfs-1.1.jar
7f169086e000-7f1690881000 r--s 00241000 08:08 666632                     /home/nim_13515091/.gradle/caches/jars-3/d8dc71eb6d91c966c45f7b594129e14a/ecj-4.6.1.jar
7f1690881000-7f1690882000 r--s 00003000 08:08 666630                     /home/nim_13515091/.gradle/caches/jars-3/fdb8f5ebd6a086c4818336712b830716/json-simple-1.1.jar
7f1690882000-7f16909a7000 r--s 00f5d000 08:08 666628                     /home/nim_13515091/.gradle/caches/jars-3/dfd566a90e18a0aa75879c33e0731ab8/fastutil-7.2.0.jar
7f16909a7000-7f16909f2000 r--s 002ff000 08:08 666626                     /home/nim_13515091/.gradle/caches/jars-3/d3d44e9a7fcb4a86fb40775c385dd3d0/bcprov-jdk15on-1.56.jar
7f16909f2000-7f1690a03000 r--s 00097000 08:08 666624                     /home/nim_13515091/.gradle/caches/jars-3/59ebb77d99c5ca0e24bb23272e0329dd/bcpkix-jdk15on-1.56.jar
7f1690a03000-7f1690a05000 r--s 00002000 08:08 666622                     /home/nim_13515091/.gradle/caches/jars-3/f268e5e8fc83bb846ac355d6a16b1f30/javawriter-2.5.0.jar
7f1690a05000-7f1690a0a000 r--s 0003b000 08:08 666620                     /home/nim_13515091/.gradle/caches/jars-3/91bf67441f6ac57ccbb374f99f9ed0fc/apksig-3.0.1.jar
7f1690a0a000-7f1690a0d000 r--s 00024000 08:08 666618                     /home/nim_13515091/.gradle/caches/jars-3/04183dcd1bde85515b23d1bbd46ea9bc/common-26.0.1.jar
7f1690a0d000-7f1690a0f000 r--s 00006000 08:08 666616                     /home/nim_13515091/.gradle/caches/jars-3/a0ea702af2bdb16dfa1a50969b155dea/dvlib-26.0.1.jar
7f1690a0f000-7f1690a12000 r--s 00014000 08:08 666614                     /home/nim_13515091/.gradle/caches/jars-3/6abb718b4b844aa0386163f0c2f6eb72/layoutlib-api-26.0.1.jar
7f1690a12000-7f1690a17000 r--s 0004d000 08:08 666612                     /home/nim_13515091/.gradle/caches/jars-3/65a80584522712b8832b7c1c03186c4b/ddmlib-26.0.1.jar
7f1690a17000-7f1690a18000 r--s 00003000 08:08 666610                     /home/nim_13515091/.gradle/caches/jars-3/af01854c900e4906a368ef59064a245d/builder-test-api-3.0.1.jar
7f1690a18000-7f1690a1b000 r--s 00007000 08:08 666608                     /home/nim_13515091/.gradle/caches/jars-3/124ec36ab4edce0919b54d1123daa364/builder-model-3.0.1.jar
7f1690a1b000-7f1690a2a000 r--s 00130000 08:08 666606                     /home/nim_13515091/.gradle/caches/jars-3/72ba1443c6adcea1f6ba21e12f0bb0fc/protobuf-java-3.0.0.jar
7f1690a2a000-7f1690a3d000 r--s 001a8000 08:08 666604                     /home/nim_13515091/.gradle/caches/jars-3/a1cbdfb97e256e71fcbd29dc4584a785/protos-26.0.1.jar
7f1690a3d000-7f1690a3e000 r--s 00005000 08:08 666602                     /home/nim_13515091/.gradle/caches/jars-3/ca5180624b528b15325a5d002dbfbb6d/shared-26.0.1.jar
7f1690a3e000-7f1690a40000 r--s 00004000 08:08 666600                     /home/nim_13515091/.gradle/caches/jars-3/07f12c2b6f66ca8d4d6bd02e9c9b060a/tracker-26.0.1.jar
7f1690a40000-7f1690a42000 r--s 00002000 08:08 666598                     /home/nim_13515091/.gradle/caches/jars-3/e91624d2ed1c3b55eec9fd768ed13c1d/proguard-gradle-5.3.3.jar
7f1690a42000-7f1690a44000 r--s 0000f000 08:08 666596                     /home/nim_13515091/.gradle/caches/jars-3/96760c32d36a5d7066e3ccf088bfd362/jopt-simple-4.9.jar
7f1690a44000-7f1690a48000 r--s 0001e000 08:08 666594                     /home/nim_13515091/.gradle/caches/jars-3/0d3e95aba631209a078aeec58a76633d/org.jacoco.core-0.7.4.201502262128.jar
7f1690a48000-7f1690a4b000 r--s 00020000 08:08 666592                     /home/nim_13515091/.gradle/caches/jars-3/c72fc284d34f39eab57a4e3ba83405e9/org.jacoco.report-0.7.4.201502262128.jar
7f1690a4b000-7f1690a4d000 r--s 0000c000 08:08 666590                     /home/nim_13515091/.gradle/caches/jars-3/9b0a36633c92c6e87e62c81734593183/asm-5.1.jar
7f1690a4d000-7f1690a4f000 r--s 00006000 08:08 666588                     /home/nim_13515091/.gradle/caches/jars-3/50c8a7da333c41693b2b7ce95b6d9d89/asm-tree-5.1.jar
7f1690a4f000-7f1690a50000 r--s 0000a000 08:08 666586                     /home/nim_13515091/.gradle/caches/jars-3/c4f1f1d5a624f981d35a78d181e2c418/asm-util-5.1.jar
7f1690a50000-7f1690a52000 r--s 0000a000 08:08 666584                     /home/nim_13515091/.gradle/caches/jars-3/d37aa405961c464c627b1efe5def81b8/asm-commons-5.1.jar
7f1690a52000-7f1690a53000 r--s 00004000 08:08 666582                     /home/nim_13515091/.gradle/caches/jars-3/2b2689d10a4425b1cb2d0654db2ea088/asm-analysis-5.1.jar
7f1690a53000-7f1690a54000 r--s 00000000 08:08 666580                     /home/nim_13515091/.gradle/caches/jars-3/5206138fb8a6b2ffbd31e140916c2100/transform-api-2.0.0-deprecated-use-gradle-api.jar
7f1690a54000-7f1690a63000 r--s 000c8000 08:08 666578                     /home/nim_13515091/.gradle/caches/jars-3/af931fae44e009148423077fa09abbd1/kotlin-stdlib-1.1.3-2.jar
7f1690a63000-7f1690a95000 r--s 0021b000 08:08 666576                     /home/nim_13515091/.gradle/caches/jars-3/24b2127528a18b338af82ff7ea236d45/kotlin-reflect-1.1.3-2.jar
7f1690a95000-7f1690a9b000 r--s 00030000 08:08 666574                     /home/nim_13515091/.gradle/caches/jars-3/90ec49f8b88710e2876aefe447609abb/repository-26.0.1.jar
7f1690a9b000-7f1690aa6000 r--s 0009b000 08:08 666572                     /home/nim_13515091/.gradle/caches/jars-3/af771564c510a1c104220a8be892ab2d/sdklib-26.0.1.jar
7f1690aa6000-7f1690ab5000 r--s 000da000 08:08 666570                     /home/nim_13515091/.gradle/caches/jars-3/50767da85151ce151711c301f4a0623c/sdk-common-26.0.1.jar
7f1690ab5000-7f1690ab9000 r--s 00023000 08:08 666568                     /home/nim_13515091/.gradle/caches/jars-3/186e268c3a12c0a405d658dabf9d64d2/manifest-merger-26.0.1.jar
7f1690ab9000-7f1690abd000 r--s 0002e000 08:08 666566                     /home/nim_13515091/.gradle/caches/jars-3/c519ce7b2f3637e909703f541c08c445/compilerCommon-3.0.1.jar
7f1690abd000-7f1690acc000 r--s 000cb000 08:08 666562                     /home/nim_13515091/.gradle/caches/jars-3/e5c09abb4b0acf0785ecd8a8015ab959/uast-26.0.1.jar
7f1690acc000-7f1690afc000 r--s 01983000 08:08 666554                     /home/nim_13515091/.gradle/caches/jars-3/add7f1627b730db059119a8274a10c21/builder-3.0.1.jar
7f1690afc000-7f1690cfc000 rw-p 00000000 00:00 0 
7f1690cfc000-7f1690cff000 ---p 00000000 00:00 0 
7f1690cff000-7f1690dfd000 rw-p 00000000 00:00 0 
7f1690dfd000-7f1690e00000 ---p 00000000 00:00 0 
7f1690e00000-7f1690efe000 rw-p 00000000 00:00 0 
7f1690efe000-7f1690f01000 ---p 00000000 00:00 0 
7f1690f01000-7f1694000000 rw-p 00000000 00:00 0 
7f1694000000-7f1694021000 rw-p 00000000 00:00 0 
7f1694021000-7f1698000000 ---p 00000000 00:00 0 
7f1698000000-7f1698021000 rw-p 00000000 00:00 0 
7f1698021000-7f169c000000 ---p 00000000 00:00 0 
7f169c000000-7f169e854000 rw-p 00000000 00:00 0 
7f169e854000-7f16a0000000 ---p 00000000 00:00 0 
7f16a0000000-7f16a1645000 rw-p 00000000 00:00 0 
7f16a1645000-7f16a4000000 ---p 00000000 00:00 0 
7f16a4000000-7f16a4021000 rw-p 00000000 00:00 0 
7f16a4021000-7f16a8000000 ---p 00000000 00:00 0 
7f16a8000000-7f16aa3e3000 rw-p 00000000 00:00 0 
7f16aa3e3000-7f16ac000000 ---p 00000000 00:00 0 
7f16ac000000-7f16ac021000 rw-p 00000000 00:00 0 
7f16ac021000-7f16b0000000 ---p 00000000 00:00 0 
7f16b0000000-7f16b0021000 rw-p 00000000 00:00 0 
7f16b0021000-7f16b4000000 ---p 00000000 00:00 0 
7f16b4000000-7f16b45c1000 rw-p 00000000 00:00 0 
7f16b45c1000-7f16b8000000 ---p 00000000 00:00 0 
7f16b8000000-7f16b803f000 rw-p 00000000 00:00 0 
7f16b803f000-7f16bc000000 ---p 00000000 00:00 0 
7f16bc000000-7f16bc002000 r--s 00003000 08:08 666564                     /home/nim_13515091/.gradle/caches/jars-3/34cfdbf6cad3f54cc2f45521bf0374e7/gradle-api-3.0.1.jar
7f16bc002000-7f16bc009000 r--s 0007f000 08:08 666560                     /home/nim_13515091/.gradle/caches/jars-3/b1f5a73634581e955e7f89376aea2d48/lint-api-26.0.1.jar
7f16bc009000-7f16bc012000 r--s 000ff000 08:08 666558                     /home/nim_13515091/.gradle/caches/jars-3/75e696a5531ca85e1fe447df83f74bd2/lint-checks-26.0.1.jar
7f16bc012000-7f16bc015000 r--s 00039000 08:08 666556                     /home/nim_13515091/.gradle/caches/jars-3/7fa6c4fcdd1d81db4cc9c7439ce29486/lint-26.0.1.jar
7f16bc015000-7f16bc038000 r--s 0020b000 08:08 666552                     /home/nim_13515091/.gradle/caches/jars-3/4adae2b762c8552c6e3aa2ded1493e4b/gradle-core-3.0.1.jar
7f16bc038000-7f16bc03a000 r--s 0000a000 08:08 438576                     /home/nim_13515091/.gradle/caches/modules-2/files-2.1/com.google.gms/google-services/3.2.0/202fd26a10eb8426e49bd1bdbb1ab093ea30bd76/google-services-3.2.0.jar
7f16bc03a000-7f16bc03c000 r--s 0000f000 08:08 666550                     /home/nim_13515091/.gradle/caches/jars-3/afd86a0d8507fd7f2e97461eaf9e4416/gradle-3.0.1.jar
7f16bc03c000-7f16bc03f000 ---p 00000000 00:00 0 
7f16bc03f000-7f16bc33d000 rw-p 00000000 00:00 0 
7f16bc33d000-7f16bc340000 ---p 00000000 00:00 0 
7f16bc340000-7f16bc63e000 rw-p 00000000 00:00 0 
7f16bc63e000-7f16bc83e000 rw-p 00000000 00:00 0 
7f16bc83e000-7f16bca3e000 rw-p 00000000 00:00 0 
7f16bca3e000-7f16bcc3e000 rw-p 00000000 00:00 0 
7f16bcc3e000-7f16bce3e000 rw-p 00000000 00:00 0 
7f16bce3e000-7f16bcf59000 r--s 02008000 08:08 804249                     /home/nim_13515091/.gradle/caches/jars-3/9955734f77abc673a38c7cd4c0214af5/android.jar
7f16bcf59000-7f16bcf60000 r--s 0002a000 08:08 2903483                    /home/nim_13515091/.gradle/caches/jars-3/fff47aec37b967e571b648d1fc9c6db6/gradle-messaging-3.5.jar
7f16bcf60000-7f16bcf65000 r--s 00041000 08:08 2903481                    /home/nim_13515091/.gradle/caches/jars-3/c0502f5c2cf6dfd52d250e1b7d027d24/commons-lang-2.6.jar
7f16bcf65000-7f16bcfa7000 r--s 00220000 08:08 2903479                    /home/nim_13515091/.gradle/caches/jars-3/929747bc6b973b44297e9c57df71598d/gradle-core-3.5.jar
7f16bcfa7000-7f16bcfb0000 r--s 00047000 08:08 2903477                    /home/nim_13515091/.gradle/caches/jars-3/11d06a5dce89fe5632250b7df00a3d57/gradle-base-services-3.5.jar
7f16bcfb0000-7f16bcfd8000 r--s 001cf000 08:08 2903475                    /home/nim_13515091/.gradle/caches/jars-3/566e7e0f530f75a42eba4833ef84d88c/guava-jdk5-17.0.jar
7f16bcfd8000-7f16bcfe6000 r--s 00043000 08:08 2903474                    /home/nim_13515091/.gradle/caches/jars-3/c0d1da18a547ef3a2ba66d3068ae6e09/gradle-tooling-api-3.5.jar
7f16bcfe6000-7f16bd05f000 r--s 010fd000 08:08 438372                     /home/nim_13515091/android-studio/jre/lib/tools.jar
7f16bd05f000-7f16bd062000 ---p 00000000 00:00 0 
7f16bd062000-7f16bd360000 rw-p 00000000 00:00 0 
7f16bd360000-7f16bd363000 ---p 00000000 00:00 0 
7f16bd363000-7f16bd461000 rw-p 00000000 00:00 0 
7f16bd461000-7f16bd464000 ---p 00000000 00:00 0 
7f16bd464000-7f16bd762000 rw-p 00000000 00:00 0 
7f16bd762000-7f16bd765000 ---p 00000000 00:00 0 
7f16bd765000-7f16bd863000 rw-p 00000000 00:00 0 
7f16bd863000-7f16bd866000 ---p 00000000 00:00 0 
7f16bd866000-7f16bd964000 rw-p 00000000 00:00 0 
7f16bd964000-7f16bd967000 ---p 00000000 00:00 0 
7f16bd967000-7f16bda65000 rw-p 00000000 00:00 0 
7f16bda65000-7f16bda68000 ---p 00000000 00:00 0 
7f16bda68000-7f16bdb66000 rw-p 00000000 00:00 0 
7f16bdb66000-7f16bdb69000 ---p 00000000 00:00 0 
7f16bdb69000-7f16bdc67000 rw-p 00000000 00:00 0 
7f16bdc67000-7f16bdc6a000 ---p 00000000 00:00 0 
7f16bdc6a000-7f16bdd68000 rw-p 00000000 00:00 0 
7f16bdd68000-7f16bdd6b000 ---p 00000000 00:00 0 
7f16bdd6b000-7f16bde69000 rw-p 00000000 00:00 0 
7f16bde69000-7f16bde70000 r--s 00000000 08:08 2494397                    /usr/lib/x86_64-linux-gnu/gconv/gconv-modules.cache
7f16bde70000-7f16bde73000 ---p 00000000 00:00 0 
7f16bde73000-7f16bdf71000 rw-p 00000000 00:00 0 
7f16bdf71000-7f16bdf76000 r--s 0009a000 08:08 438499                     /home/nim_13515091/android-studio/jre/jre/lib/jsse.jar
7f16bdf76000-7f16be176000 rw-p 00000000 00:00 0 
7f16be176000-7f16be17f000 r-xp 00000000 08:08 438452                     /home/nim_13515091/android-studio/jre/jre/lib/amd64/libmanagement.so
7f16be17f000-7f16be37e000 ---p 00009000 08:08 438452                     /home/nim_13515091/android-studio/jre/jre/lib/amd64/libmanagement.so
7f16be37e000-7f16be37f000 r--p 00008000 08:08 438452                     /home/nim_13515091/android-studio/jre/jre/lib/amd64/libmanagement.so
7f16be37f000-7f16be380000 rw-p 00009000 08:08 438452                     /home/nim_13515091/android-studio/jre/jre/lib/amd64/libmanagement.so
7f16be380000-7f16be382000 r--s 00007000 08:08 2901432                    /home/nim_13515091/.gradle/wrapper/dists/gradle-4.1-all/bzyivzo6n839fup2jbap0tjew/gradle-4.1/lib/plugins/gradle-tooling-api-builders-4.1.jar
7f16be382000-7f16be385000 r--s 00009000 08:08 2901442                    /home/nim_13515091/.gradle/wrapper/dists/gradle-4.1-all/bzyivzo6n839fup2jbap0tjew/gradle-4.1/lib/plugins/gradle-testing-native-4.1.jar
7f16be385000-7f16be387000 r--s 00009000 08:08 2901515                    /home/nim_13515091/.gradle/wrapper/dists/gradle-4.1-all/bzyivzo6n839fup2jbap0tjew/gradle-4.1/lib/plugins/hamcrest-core-1.3.jar
7f16be387000-7f16be38c000 r--s 00040000 08:08 2901510                    /home/nim_13515091/.gradle/wrapper/dists/gradle-4.1-all/bzyivzo6n839fup2jbap0tjew/gradle-4.1/lib/plugins/bsh-2.0b4.jar
7f16be38c000-7f16be38e000 r--s 00006000 08:08 2901511                    /home/nim_13515091/.gradle/wrapper/dists/gradle-4.1-all/bzyivzo6n839fup2jbap0tjew/gradle-4.1/lib/plugins/jcommander-1.12.jar
7f16be38e000-7f16be394000 r--s 00033000 08:08 2901512                    /home/nim_13515091/.gradle/wrapper/dists/gradle-4.1-all/bzyivzo6n839fup2jbap0tjew/gradle-4.1/lib/plugins/snakeyaml-1.6.jar
7f16be394000-7f16be39d000 r--s 00089000 08:08 2901470                    /home/nim_13515091/.gradle/wrapper/dists/gradle-4.1-all/bzyivzo6n839fup2jbap0tjew/gradle-4.1/lib/plugins/testng-6.3.1.jar
7f16be39d000-7f16be3a5000 r--s 00045000 08:08 2901471                    /home/nim_13515091/.gradle/wrapper/dists/gradle-4.1-all/bzyivzo6n839fup2jbap0tjew/gradle-4.1/lib/plugins/junit-4.12.jar
7f16be3a5000-7f16be3ab000 r--s 0002e000 08:08 2901438                    /home/nim_13515091/.gradle/wrapper/dists/gradle-4.1-all/bzyivzo6n839fup2jbap0tjew/gradle-4.1/lib/plugins/gradle-testing-jvm-4.1.jar
7f16be3ab000-7f16be3af000 r--s 00017000 08:08 2901446                    /home/nim_13515091/.gradle/wrapper/dists/gradle-4.1-all/bzyivzo6n839fup2jbap0tjew/gradle-4.1/lib/plugins/gradle-testing-base-4.1.jar
7f16be3af000-7f16be3b6000 r--s 00038000 08:08 2901466                    /home/nim_13515091/.gradle/wrapper/dists/gradle-4.1-all/bzyivzo6n839fup2jbap0tjew/gradle-4.1/lib/plugins/bcpg-jdk15on-1.51.jar
7f16be3b6000-7f16be3b8000 r--s 0000c000 08:08 2901417                    /home/nim_13515091/.gradle/wrapper/dists/gradle-4.1-all/bzyivzo6n839fup2jbap0tjew/gradle-4.1/lib/plugins/gradle-signing-4.1.jar
7f16be3b8000-7f16be3ba000 r--s 00007000 08:08 2901423                    /home/nim_13515091/.gradle/wrapper/dists/gradle-4.1-all/bzyivzo6n839fup2jbap0tjew/gradle-4.1/lib/plugins/gradle-scala-4.1.jar
7f16be3ba000-7f16be3bb000 r--s 00004000 08:08 2901454                    /home/nim_13515091/.gradle/wrapper/dists/gradle-4.1-all/bzyivzo6n839fup2jbap0tjew/gradle-4.1/lib/plugins/gradle-resources-sftp-4.1.jar
7f16be3bb000-7f16be3cb000 r--s 00088000 08:08 2901483                    /home/nim_13515091/.gradle/wrapper/dists/gradle-4.1-all/bzyivzo6n839fup2jbap0tjew/gradle-4.1/lib/plugins/joda-time-2.8.2.jar
7f16be3cb000-7f16be3dc000 r--s 0010d000 08:08 2901482                    /home/nim_13515091/.gradle/wrapper/dists/gradle-4.1-all/bzyivzo6n839fup2jbap0tjew/gradle-4.1/lib/plugins/jackson-databind-2.6.6.jar
7f16be3dc000-7f16be3df000 r--s 00009000 08:08 2901481                    /home/nim_13515091/.gradle/wrapper/dists/gradle-4.1-all/bzyivzo6n839fup2jbap0tjew/gradle-4.1/lib/plugins/jackson-annotations-2.6.6.jar
7f16be3df000-7f16be3e3000 r--s 0003c000 08:08 2901480                    /home/nim_13515091/.gradle/wrapper/dists/gradle-4.1-all/bzyivzo6n839fup2jbap0tjew/gradle-4.1/lib/plugins/jackson-core-2.6.6.jar
7f16be3e3000-7f16be3f1000 r--s 00087000 08:08 2901479                    /home/nim_13515091/.gradle/wrapper/dists/gradle-4.1-all/bzyivzo6n839fup2jbap0tjew/gradle-4.1/lib/plugins/aws-java-sdk-core-1.11.6.jar
7f16be3f1000-7f16be3f8000 r--s 00057000 08:08 2901478                    /home/nim_13515091/.gradle/wrapper/dists/gradle-4.1-all/bzyivzo6n839fup2jbap0tjew/gradle-4.1/lib/plugins/aws-java-sdk-kms-1.11.6.jar
7f16be3f8000-7f16be405000 r--s 0008e000 08:08 2901477                    /home/nim_13515091/.gradle/wrapper/dists/gradle-4.1-all/bzyivzo6n839fup2jbap0tjew/gradle-4.1/lib/plugins/aws-java-sdk-s3-1.11.6.jar
7f16be405000-7f16be407000 r--s 00004000 08:08 2901451                    /home/nim_13515091/.gradle/wrapper/dists/gradle-4.1-all/bzyivzo6n839fup2jbap0tjew/gradle-4.1/lib/plugins/gradle-resources-s3-4.1.jar
7f16be407000-7f16be409000 r--s 00010000 08:08 2901447                    /home/nim_13515091/.gradle/wrapper/dists/gradle-4.1-all/bzyivzo6n839fup2jbap0tjew/gradle-4.1/lib/plugins/gradle-reporting-4.1.jar
7f16be409000-7f16be40b000 r--s 00002000 08:08 2901448                    /home/nim_13515091/.gradle/wrapper/dists/gradle-4.1-all/bzyivzo6n839fup2jbap0tjew/gradle-4.1/lib/plugins/gradle-publish-4.1.jar
7f16be40b000-7f16be40d000 r--s 00009000 08:08 2901459                    /home/nim_13515091/.gradle/wrapper/dists/gradle-4.1-all/bzyivzo6n839fup2jbap0tjew/gradle-4.1/lib/plugins/commons-cli-1.2.jar
7f16be40d000-7f16be413000 r--s 00036000 08:08 2901431                    /home/nim_13515091/.gradle/wrapper/dists/gradle-4.1-all/bzyivzo6n839fup2jbap0tjew/gradle-4.1/lib/plugins/gradle-plugins-4.1.jar
7f16be413000-7f16be415000 r--s 00009000 08:08 2901418                    /home/nim_13515091/.gradle/wrapper/dists/gradle-4.1-all/bzyivzo6n839fup2jbap0tjew/gradle-4.1/lib/plugins/gradle-plugin-development-4.1.jar
7f16be415000-7f16be41b000 r--s 0002b000 08:08 2901426                    /home/nim_13515091/.gradle/wrapper/dists/gradle-4.1-all/bzyivzo6n839fup2jbap0tjew/gradle-4.1/lib/plugins/gradle-platform-play-4.1.jar
7f16be41b000-7f16be42a000 r--s 0005b000 08:08 2901444                    /home/nim_13515091/.gradle/wrapper/dists/gradle-4.1-all/bzyivzo6n839fup2jbap0tjew/gradle-4.1/lib/plugins/gradle-platform-native-4.1.jar
7f16be42a000-7f16be42e000 r--s 0001b000 08:08 2901441                    /home/nim_13515091/.gradle/wrapper/dists/gradle-4.1-all/bzyivzo6n839fup2jbap0tjew/gradle-4.1/lib/plugins/gradle-platform-jvm-4.1.jar
7f16be42e000-7f16be436000 r--s 00027000 08:08 2901449                    /home/nim_13515091/.gradle/wrapper/dists/gradle-4.1-all/bzyivzo6n839fup2jbap0tjew/gradle-4.1/lib/plugins/gradle-platform-base-4.1.jar
7f16be436000-7f16be45e000 r--s 0021c000 08:08 2901460                    /home/nim_13515091/.gradle/wrapper/dists/gradle-4.1-all/bzyivzo6n839fup2jbap0tjew/gradle-4.1/lib/plugins/biz.aQute.bndlib-3.2.0.jar
7f16be45e000-7f16be45f000 r--s 00004000 08:08 2901416                    /home/nim_13515091/.gradle/wrapper/dists/gradle-4.1-all/bzyivzo6n839fup2jbap0tjew/gradle-4.1/lib/plugins/gradle-osgi-4.1.jar
7f16be45f000-7f16be462000 r--s 0000c000 08:08 2901463                    /home/nim_13515091/.gradle/wrapper/dists/gradle-4.1-all/bzyivzo6n839fup2jbap0tjew/gradle-4.1/lib/plugins/pmaven-groovy-0.8-20100325.jar
7f16be462000-7f16be463000 r--s 00004000 08:08 2901462                    /home/nim_13515091/.gradle/wrapper/dists/gradle-4.1-all/bzyivzo6n839fup2jbap0tjew/gradle-4.1/lib/plugins/pmaven-common-0.8-20100325.jar
7f16be463000-7f16be469000 r--s 00023000 08:08 2901419                    /home/nim_13515091/.gradle/wrapper/dists/gradle-4.1-all/bzyivzo6n839fup2jbap0tjew/gradle-4.1/lib/plugins/gradle-maven-4.1.jar
7f16be469000-7f16be46c000 r--s 0000b000 08:08 2901437                    /home/nim_13515091/.gradle/wrapper/dists/gradle-4.1-all/bzyivzo6n839fup2jbap0tjew/gradle-4.1/lib/plugins/gradle-language-scala-4.1.jar
7f16be46c000-7f16be473000 r--s 00020000 08:08 2901443                    /home/nim_13515091/.gradle/wrapper/dists/gradle-4.1-all/bzyivzo6n839fup2jbap0tjew/gradle-4.1/lib/plugins/gradle-language-native-4.1.jar
7f16be473000-7f16be475000 r--s 00005000 08:08 2901440                    /home/nim_13515091/.gradle/wrapper/dists/gradle-4.1-all/bzyivzo6n839fup2jbap0tjew/gradle-4.1/lib/plugins/gradle-language-jvm-4.1.jar
7f16be475000-7f16be47c000 r--s 0002f000 08:08 2901439                    /home/nim_13515091/.gradle/wrapper/dists/gradle-4.1-all/bzyivzo6n839fup2jbap0tjew/gradle-4.1/lib/plugins/gradle-language-java-4.1.jar
7f16be47c000-7f16be47f000 r--s 0000a000 08:08 2901436                    /home/nim_13515091/.gradle/wrapper/dists/gradle-4.1-all/bzyivzo6n839fup2jbap0tjew/gradle-4.1/lib/plugins/gradle-language-groovy-4.1.jar
7f16be47f000-7f16be486000 r--s 00035000 08:08 2901469                    /home/nim_13515091/.gradle/wrapper/dists/gradle-4.1-all/bzyivzo6n839fup2jbap0tjew/gradle-4.1/lib/plugins/simple-4.1.21.jar
7f16be486000-7f16be492000 r--s 00100000 08:08 2901467                    /home/nim_13515091/.gradle/wrapper/dists/gradle-4.1-all/bzyivzo6n839fup2jbap0tjew/gradle-4.1/lib/plugins/rhino-1.7R3.jar
7f16be492000-7f16be496000 r--s 00012000 08:08 2901427                    /home/nim_13515091/.gradle/wrapper/dists/gradle-4.1-all/bzyivzo6n839fup2jbap0tjew/gradle-4.1/lib/plugins/gradle-javascript-4.1.jar
7f16be496000-7f16be499000 r--s 00011000 08:08 2901429                    /home/nim_13515091/.gradle/wrapper/dists/gradle-4.1-all/bzyivzo6n839fup2jbap0tjew/gradle-4.1/lib/plugins/gradle-jacoco-4.1.jar
7f16be499000-7f16be49c000 r--s 0000e000 08:08 2901428                    /home/nim_13515091/.gradle/wrapper/dists/gradle-4.1-all/bzyivzo6n839fup2jbap0tjew/gradle-4.1/lib/plugins/gradle-ivy-4.1.jar
7f16be49c000-7f16be49d000 r--s 00002000 08:08 2901420                    /home/nim_13515091/.gradle/wrapper/dists/gradle-4.1-all/bzyivzo6n839fup2jbap0tjew/gradle-4.1/lib/plugins/gradle-ide-play-4.1.jar
7f16be49d000-7f16be4a0000 r--s 00013000 08:08 2901421                    /home/nim_13515091/.gradle/wrapper/dists/gradle-4.1-all/bzyivzo6n839fup2jbap0tjew/gradle-4.1/lib/plugins/gradle-ide-native-4.1.jar
7f16be4a0000-7f16be4aa000 r--s 00054000 08:08 2901422                    /home/nim_13515091/.gradle/wrapper/dists/gradle-4.1-all/bzyivzo6n839fup2jbap0tjew/gradle-4.1/lib/plugins/gradle-ide-4.1.jar
7f16be4aa000-7f16be4ac000 r--s 00007000 08:08 2901425                    /home/nim_13515091/.gradle/wrapper/dists/gradle-4.1-all/bzyivzo6n839fup2jbap0tjew/gradle-4.1/lib/plugins/gradle-ear-4.1.jar
7f16be4ac000-7f16be4ae000 r--s 00005000 08:08 2901457                    /home/nim_13515091/.gradle/wrapper/dists/gradle-4.1-all/bzyivzo6n839fup2jbap0tjew/gradle-4.1/lib/plugins/jatl-0.2.2.jar
7f16be4ae000-7f16be4b5000 r--s 00038000 08:08 2901445                    /home/nim_13515091/.gradle/wrapper/dists/gradle-4.1-all/bzyivzo6n839fup2jbap0tjew/gradle-4.1/lib/plugins/gradle-diagnostics-4.1.jar
7f16be4b5000-7f16be4b7000 r--s 0000b000 08:08 2901434                    /home/nim_13515091/.gradle/wrapper/dists/gradle-4.1-all/bzyivzo6n839fup2jbap0tjew/gradle-4.1/lib/plugins/gradle-composite-builds-4.1.jar
7f16be4b7000-7f16be4bc000 r--s 00025000 08:08 2901414                    /home/nim_13515091/.gradle/wrapper/dists/gradle-4.1-all/bzyivzo6n839fup2jbap0tjew/gradle-4.1/lib/plugins/gradle-code-quality-4.1.jar
7f16be4bc000-7f16be4c1000 r--s 00022000 08:08 2901430                    /home/nim_13515091/.gradle/wrapper/dists/gradle-4.1-all/bzyivzo6n839fup2jbap0tjew/gradle-4.1/lib/plugins/gradle-build-init-4.1.jar
7f16be4c1000-7f16be4c7000 r--s 0008e000 08:08 2901424                    /home/nim_13515091/.gradle/wrapper/dists/gradle-4.1-all/bzyivzo6n839fup2jbap0tjew/gradle-4.1/lib/plugins/gradle-build-comparison-4.1.jar
7f16be4c7000-7f16be4c8000 r--s 00002000 08:08 2901452                    /home/nim_13515091/.gradle/wrapper/dists/gradle-4.1-all/bzyivzo6n839fup2jbap0tjew/gradle-4.1/lib/plugins/gradle-build-cache-http-4.1.jar
7f16be4c8000-7f16be4ca000 r--s 00008000 08:08 2901415                    /home/nim_13515091/.gradle/wrapper/dists/gradle-4.1-all/bzyivzo6n839fup2jbap0tjew/gradle-4.1/lib/plugins/gradle-antlr-4.1.jar
7f16be4ca000-7f16be4cc000 r--s 00004000 08:08 2901435                    /home/nim_13515091/.gradle/wrapper/dists/gradle-4.1-all/bzyivzo6n839fup2jbap0tjew/gradle-4.1/lib/plugins/gradle-announce-4.1.jar
7f16be4cc000-7f16be4ce000 r--s 00008000 08:08 2901355                    /home/nim_13515091/.gradle/wrapper/dists/gradle-4.1-all/bzyivzo6n839fup2jbap0tjew/gradle-4.1/lib/gradle-kotlin-dsl-tooling-builders-0.10.3.jar
7f16be4ce000-7f16be4d1000 r--s 0001c000 08:08 2901473                    /home/nim_13515091/.gradle/wrapper/dists/gradle-4.1-all/bzyivzo6n839fup2jbap0tjew/gradle-4.1/lib/plugins/nekohtml-1.9.14.jar
7f16be4d1000-7f16be4d9000 r--s 00028000 08:08 2901514                    /home/nim_13515091/.gradle/wrapper/dists/gradle-4.1-all/bzyivzo6n839fup2jbap0tjew/gradle-4.1/lib/plugins/xml-apis-1.3.04.jar
7f16be4d9000-7f16be4f1000 r--s 00115000 08:08 2901474                    /home/nim_13515091/.gradle/wrapper/dists/gradle-4.1-all/bzyivzo6n839fup2jbap0tjew/gradle-4.1/lib/plugins/xercesImpl-2.9.1.jar
7f16be4f1000-7f16be4f7000 r--s 0005b000 08:08 2901472                    /home/nim_13515091/.gradle/wrapper/dists/gradle-4.1-all/bzyivzo6n839fup2jbap0tjew/gradle-4.1/lib/plugins/jcifs-1.3.17.jar
7f16be4f7000-7f16be4fe000 r--s 00049000 08:08 2901513                    /home/nim_13515091/.gradle/wrapper/dists/gradle-4.1-all/bzyivzo6n839fup2jbap0tjew/gradle-4.1/lib/plugins/httpcore-4.4.4.jar
7f16be4fe000-7f16be504000 r--s 00033000 08:08 2901465                    /home/nim_13515091/.gradle/wrapper/dists/gradle-4.1-all/bzyivzo6n839fup2jbap0tjew/gradle-4.1/lib/plugins/commons-codec-1.6.jar
7f16be504000-7f16be511000 r--s 000a4000 08:08 2901458                    /home/nim_13515091/.gradle/wrapper/dists/gradle-4.1-all/bzyivzo6n839fup2jbap0tjew/gradle-4.1/lib/plugins/httpclient-4.4.1.jar
7f16be511000-7f16be513000 r--s 0000b000 08:08 2901453                    /home/nim_13515091/.gradle/wrapper/dists/gradle-4.1-all/bzyivzo6n839fup2jbap0tjew/gradle-4.1/lib/plugins/gradle-resources-http-4.1.jar
7f16be513000-7f16be517000 r--s 00017000 08:08 2901450                    /home/nim_13515091/.gradle/wrapper/dists/gradle-4.1-all/bzyivzo6n839fup2jbap0tjew/gradle-4.1/lib/plugins/gradle-plugin-use-4.1.jar
7f16be517000-7f16be518000 r--s 00000000 08:08 2901361                    /home/nim_13515091/.gradle/wrapper/dists/gradle-4.1-all/bzyivzo6n839fup2jbap0tjew/gradle-4.1/lib/gradle-runtime-api-info-4.1.jar
7f16be518000-7f16be519000 r--s 00000000 08:08 2901364                    /home/nim_13515091/.gradle/wrapper/dists/gradle-4.1-all/bzyivzo6n839fup2jbap0tjew/gradle-4.1/lib/gradle-installation-beacon-4.1.jar
7f16be519000-7f16be559000 r--s 00277000 08:08 2901485                    /home/nim_13515091/.gradle/wrapper/dists/gradle-4.1-all/bzyivzo6n839fup2jbap0tjew/gradle-4.1/lib/plugins/bcprov-jdk15on-1.51.jar
7f16be559000-7f16be55d000 r--s 0001d000 08:08 2901484                    /home/nim_13515091/.gradle/wrapper/dists/gradle-4.1-all/bzyivzo6n839fup2jbap0tjew/gradle-4.1/lib/plugins/xbean-reflect-3.4.jar
7f16be55d000-7f16be55f000 r--s 0000a000 08:08 2901486                    /home/nim_13515091/.gradle/wrapper/dists/gradle-4.1-all/bzyivzo6n839fup2jbap0tjew/gradle-4.1/lib/plugins/maven-settings-3.0.4.jar
7f16be55f000-7f16be562000 r--s 00008000 08:08 2901487                    /home/nim_13515091/.gradle/wrapper/dists/gradle-4.1-all/bzyivzo6n839fup2jbap0tjew/gradle-4.1/lib/plugins/maven-settings-builder-3.0.4.jar
7f16be562000-7f16be566000 r--s 00033000 08:08 2901488                    /home/nim_13515091/.gradle/wrapper/dists/gradle-4.1-all/bzyivzo6n839fup2jbap0tjew/gradle-4.1/lib/plugins/plexus-utils-2.0.6.jar
7f16be566000-7f16be568000 r--s 0000d000 08:08 2901489                    /home/nim_13515091/.gradle/wrapper/dists/gradle-4.1-all/bzyivzo6n839fup2jbap0tjew/gradle-4.1/lib/plugins/plexus-interpolation-1.14.jar
7f16be568000-7f16be56a000 r--s 00000000 08:08 2901464                    /home/nim_13515091/.gradle/wrapper/dists/gradle-4.1-all/bzyivzo6n839fup2jbap0tjew/gradle-4.1/lib/plugins/plexus-component-annotations-1.5.5.jar
7f16be56a000-7f16be571000 r--s 0002e000 08:08 2901490                    /home/nim_13515091/.gradle/wrapper/dists/gradle-4.1-all/bzyivzo6n839fup2jbap0tjew/gradle-4.1/lib/plugins/plexus-container-default-1.5.5.jar
7f16be571000-7f16be573000 r--s 0000a000 08:08 2901491                    /home/nim_13515091/.gradle/wrapper/dists/gradle-4.1-all/bzyivzo6n839fup2jbap0tjew/gradle-4.1/lib/plugins/plexus-classworlds-2.4.jar
7f16be573000-7f16be575000 r--s 00002000 08:08 2901492                    /home/nim_13515091/.gradle/wrapper/dists/gradle-4.1-all/bzyivzo6n839fup2jbap0tjew/gradle-4.1/lib/plugins/plexus-cipher-1.7.jar
7f16be575000-7f16be576000 r--s 00006000 08:08 2901493                    /home/nim_13515091/.gradle/wrapper/dists/gradle-4.1-all/bzyivzo6n839fup2jbap0tjew/gradle-4.1/lib/plugins/plexus-sec-dispatcher-1.3.jar
7f16be576000-7f16be57c000 r--s 0003f000 08:08 2901494                    /home/nim_13515091/.gradle/wrapper/dists/gradle-4.1-all/bzyivzo6n839fup2jbap0tjew/gradle-4.1/lib/plugins/maven-compat-3.0.4.jar
7f16be57c000-7f16be580000 r--s 00021000 08:08 2901495                    /home/nim_13515091/.gradle/wrapper/dists/gradle-4.1-all/bzyivzo6n839fup2jbap0tjew/gradle-4.1/lib/plugins/maven-model-builder-3.0.4.jar
7f16be580000-7f16be582000 r--s 00026000 08:08 2901496                    /home/nim_13515091/.gradle/wrapper/dists/gradle-4.1-all/bzyivzo6n839fup2jbap0tjew/gradle-4.1/lib/plugins/maven-model-3.0.4.jar
7f16be582000-7f16be584000 r--s 0000b000 08:08 2901497                    /home/nim_13515091/.gradle/wrapper/dists/gradle-4.1-all/bzyivzo6n839fup2jbap0tjew/gradle-4.1/lib/plugins/maven-artifact-3.0.4.jar
7f16be584000-7f16be586000 r--s 00006000 08:08 2901498                    /home/nim_13515091/.gradle/wrapper/dists/gradle-4.1-all/bzyivzo6n839fup2jbap0tjew/gradle-4.1/lib/plugins/maven-repository-metadata-3.0.4.jar
7f16be586000-7f16be588000 r--s 0000b000 08:08 2901499                    /home/nim_13515091/.gradle/wrapper/dists/gradle-4.1-all/bzyivzo6n839fup2jbap0tjew/gradle-4.1/lib/plugins/maven-plugin-api-3.0.4.jar
7f16be588000-7f16be58a000 r--s 0000c000 08:08 2901500                    /home/nim_13515091/.gradle/wrapper/dists/gradle-4.1-all/bzyivzo6n839fup2jbap0tjew/gradle-4.1/lib/plugins/maven-aether-provider-3.0.4.jar
7f16be58a000-7f16be58b000 r--s 00002000 08:08 2901501                    /home/nim_13515091/.gradle/wrapper/dists/gradle-4.1-all/bzyivzo6n839fup2jbap0tjew/gradle-4.1/lib/plugins/wagon-file-2.4.jar
7f16be58b000-7f16be58c000 r--s 00002000 08:08 2901502                    /home/nim_13515091/.gradle/wrapper/dists/gradle-4.1-all/bzyivzo6n839fup2jbap0tjew/gradle-4.1/lib/plugins/wagon-http-2.4.jar
7f16be58c000-7f16be58e000 r--s 0000b000 08:08 2901503                    /home/nim_13515091/.gradle/wrapper/dists/gradle-4.1-all/bzyivzo6n839fup2jbap0tjew/gradle-4.1/lib/plugins/wagon-provider-api-2.4.jar
7f16be58e000-7f16be58f000 r--s 00007000 08:08 2901504                    /home/nim_13515091/.gradle/wrapper/dists/gradle-4.1-all/bzyivzo6n839fup2jbap0tjew/gradle-4.1/lib/plugins/wagon-http-shared4-2.4.jar
7f16be58f000-7f16be592000 r--s 00013000 08:08 2901505                    /home/nim_13515091/.gradle/wrapper/dists/gradle-4.1-all/bzyivzo6n839fup2jbap0tjew/gradle-4.1/lib/plugins/aether-api-1.13.1.jar
7f16be592000-7f16be595000 r--s 0001d000 08:08 2901506                    /home/nim_13515091/.gradle/wrapper/dists/gradle-4.1-all/bzyivzo6n839fup2jbap0tjew/gradle-4.1/lib/plugins/aether-impl-1.13.1.jar
7f16be595000-7f16be599000 r--s 0001c000 08:08 2901508                    /home/nim_13515091/.gradle/wrapper/dists/gradle-4.1-all/bzyivzo6n839fup2jbap0tjew/gradle-4.1/lib/plugins/aether-util-1.13.1.jar
7f16be599000-7f16be5a5000 r--s 0007d000 08:08 2901461                    /home/nim_13515091/.gradle/wrapper/dists/gradle-4.1-all/bzyivzo6n839fup2jbap0tjew/gradle-4.1/lib/plugins/maven-core-3.0.4.jar
7f16be5a5000-7f16be5c9000 r--s 0011a000 08:08 2901456                    /home/nim_13515091/.gradle/wrapper/dists/gradle-4.1-all/bzyivzo6n839fup2jbap0tjew/gradle-4.1/lib/plugins/gradle-dependency-management-4.1.jar
7f16be5c9000-7f16be5df000 r-xp 00000000 08:08 1315863                    /lib/x86_64-linux-gnu/libgcc_s.so.1
7f16be5df000-7f16be7de000 ---p 00016000 08:08 1315863                    /lib/x86_64-linux-gnu/libgcc_s.so.1
7f16be7de000-7f16be7df000 rw-p 00015000 08:08 1315863                    /lib/x86_64-linux-gnu/libgcc_s.so.1
7f16be7df000-7f16be951000 r-xp 00000000 08:08 2228774                    /usr/lib/x86_64-linux-gnu/libstdc++.so.6.0.21
7f16be951000-7f16beb51000 ---p 00172000 08:08 2228774                    /usr/lib/x86_64-linux-gnu/libstdc++.so.6.0.21
7f16beb51000-7f16beb5b000 r--p 00172000 08:08 2228774                    /usr/lib/x86_64-linux-gnu/libstdc++.so.6.0.21
7f16beb5b000-7f16beb5d000 rw-p 0017c000 08:08 2228774                    /usr/lib/x86_64-linux-gnu/libstdc++.so.6.0.21
7f16beb5d000-7f16beb61000 rw-p 00000000 00:00 0 
7f16beb61000-7f16beb66000 r--s 00034000 08:08 2901468                    /home/nim_13515091/.gradle/wrapper/dists/gradle-4.1-all/bzyivzo6n839fup2jbap0tjew/gradle-4.1/lib/plugins/gson-2.7.jar
7f16beb66000-7f16beb6b000 r--s 00040000 08:08 2901476                    /home/nim_13515091/.gradle/wrapper/dists/gradle-4.1-all/bzyivzo6n839fup2jbap0tjew/gradle-4.1/lib/plugins/jsch-0.1.54.jar
7f16beb6b000-7f16beb7a000 r--s 000d9000 08:08 2901475                    /home/nim_13515091/.gradle/wrapper/dists/gradle-4.1-all/bzyivzo6n839fup2jbap0tjew/gradle-4.1/lib/plugins/ivy-2.2.0.jar
7f16beb7a000-7f16beb7f000 r-xp 00000000 08:08 2903449                    /home/nim_13515091/.gradle/native/25/linux-amd64/libnative-platform.so
7f16beb7f000-7f16bed7e000 ---p 00005000 08:08 2903449                    /home/nim_13515091/.gradle/native/25/linux-amd64/libnative-platform.so
7f16bed7e000-7f16bed7f000 rw-p 00004000 08:08 2903449                    /home/nim_13515091/.gradle/native/25/linux-amd64/libnative-platform.so
7f16bed7f000-7f16bed90000 r-xp 00000000 08:08 438444                     /home/nim_13515091/android-studio/jre/jre/lib/amd64/libnio.so
7f16bed90000-7f16bef8f000 ---p 00011000 08:08 438444                     /home/nim_13515091/android-studio/jre/jre/lib/amd64/libnio.so
7f16bef8f000-7f16bef90000 r--p 00010000 08:08 438444                     /home/nim_13515091/android-studio/jre/jre/lib/amd64/libnio.so
7f16bef90000-7f16bef91000 rw-p 00011000 08:08 438444                     /home/nim_13515091/android-studio/jre/jre/lib/amd64/libnio.so
7f16bef91000-7f16befa7000 r-xp 00000000 08:08 438446                     /home/nim_13515091/android-studio/jre/jre/lib/amd64/libnet.so
7f16befa7000-7f16bf1a7000 ---p 00016000 08:08 438446                     /home/nim_13515091/android-studio/jre/jre/lib/amd64/libnet.so
7f16bf1a7000-7f16bf1a8000 r--p 00016000 08:08 438446                     /home/nim_13515091/android-studio/jre/jre/lib/amd64/libnet.so
7f16bf1a8000-7f16bf1a9000 rw-p 00017000 08:08 438446                     /home/nim_13515091/android-studio/jre/jre/lib/amd64/libnet.so
7f16bf1a9000-7f16bf1b6000 r--s 00043000 08:08 2901362                    /home/nim_13515091/.gradle/wrapper/dists/gradle-4.1-all/bzyivzo6n839fup2jbap0tjew/gradle-4.1/lib/gradle-tooling-api-4.1.jar
7f16bf1b6000-7f16bf1c5000 r--s 000c8000 08:08 2901359                    /home/nim_13515091/.gradle/wrapper/dists/gradle-4.1-all/bzyivzo6n839fup2jbap0tjew/gradle-4.1/lib/kotlin-stdlib-1.1.3-2.jar
7f16bf1c5000-7f16bf1f7000 r--s 0021b000 08:08 2901358                    /home/nim_13515091/.gradle/wrapper/dists/gradle-4.1-all/bzyivzo6n839fup2jbap0tjew/gradle-4.1/lib/kotlin-reflect-1.1.3-2.jar
7f16bf1f7000-7f16bf3ae000 r--s 01786000 08:08 2901357                    /home/nim_13515091/.gradle/wrapper/dists/gradle-4.1-all/bzyivzo6n839fup2jbap0tjew/gradle-4.1/lib/kotlin-compiler-embeddable-1.1.3-2.jar
7f16bf3ae000-7f16bf41e000 r--s 00645000 08:08 2901389                    /home/nim_13515091/.gradle/wrapper/dists/gradle-4.1-all/bzyivzo6n839fup2jbap0tjew/gradle-4.1/lib/groovy-all-2.4.11.jar
7f16bf41e000-7f16bf41f000 ---p 00000000 00:00 0 
7f16bf41f000-7f16bf51f000 rw-p 00000000 00:00 0 
7f16bf51f000-7f16bf522000 ---p 00000000 00:00 0 
7f16bf522000-7f16bf620000 rw-p 00000000 00:00 0 
7f16bf620000-7f16bf623000 ---p 00000000 00:00 0 
7f16bf623000-7f16bf721000 rw-p 00000000 00:00 0 
7f16bf721000-7f16bf724000 ---p 00000000 00:00 0 
7f16bf724000-7f16bf822000 rw-p 00000000 00:00 0 
7f16bf822000-7f16bf825000 ---p 00000000 00:00 0 
7f16bf825000-7f16bf923000 rw-p 00000000 00:00 0 
7f16bf923000-7f16bf926000 ---p 00000000 00:00 0 
7f16bf926000-7f16bfa24000 rw-p 00000000 00:00 0 
7f16bfa24000-7f16bfcfd000 r--p 00000000 08:08 2228604                    /usr/lib/locale/locale-archive
7f16bfcfd000-7f16bfd00000 ---p 00000000 00:00 0 
7f16bfd00000-7f16bfdfe000 rw-p 00000000 00:00 0 
7f16bfdfe000-7f16bfe01000 ---p 00000000 00:00 0 
7f16bfe01000-7f16bfeff000 rw-p 00000000 00:00 0 
7f16bfeff000-7f16bff00000 ---p 00000000 00:00 0 
7f16bff00000-7f16c0000000 rw-p 00000000 00:00 0 
7f16c0000000-7f16c0046000 rw-p 00000000 00:00 0 
7f16c0046000-7f16c4000000 ---p 00000000 00:00 0 
7f16c4000000-7f16c405a000 rw-p 00000000 00:00 0 
7f16c405a000-7f16c8000000 ---p 00000000 00:00 0 
7f16c8000000-7f16c8034000 rw-p 00000000 00:00 0 
7f16c8034000-7f16cc000000 ---p 00000000 00:00 0 
7f16cc000000-7f16cc001000 r--s 00003000 08:08 2901507                    /home/nim_13515091/.gradle/wrapper/dists/gradle-4.1-all/bzyivzo6n839fup2jbap0tjew/gradle-4.1/lib/plugins/aether-spi-1.13.1.jar
7f16cc001000-7f16cc003000 r--s 00006000 08:08 2901509                    /home/nim_13515091/.gradle/wrapper/dists/gradle-4.1-all/bzyivzo6n839fup2jbap0tjew/gradle-4.1/lib/plugins/aether-connector-wagon-1.13.1.jar
7f16cc003000-7f16cc006000 r--s 0000d000 08:08 2901455                    /home/nim_13515091/.gradle/wrapper/dists/gradle-4.1-all/bzyivzo6n839fup2jbap0tjew/gradle-4.1/lib/plugins/gradle-workers-4.1.jar
7f16cc006000-7f16cc007000 r--s 00006000 08:08 2901363                    /home/nim_13515091/.gradle/wrapper/dists/gradle-4.1-all/bzyivzo6n839fup2jbap0tjew/gradle-4.1/lib/gradle-wrapper-4.1.jar
7f16cc007000-7f16cc008000 r--s 00000000 08:08 2901356                    /home/nim_13515091/.gradle/wrapper/dists/gradle-4.1-all/bzyivzo6n839fup2jbap0tjew/gradle-4.1/lib/gradle-kotlin-dsl-tooling-models-0.10.3.jar
7f16cc008000-7f16cc009000 r--s 00001000 08:08 2901354                    /home/nim_13515091/.gradle/wrapper/dists/gradle-4.1-all/bzyivzo6n839fup2jbap0tjew/gradle-4.1/lib/gradle-kotlin-dsl-compiler-plugin-0.10.3.jar
7f16cc009000-7f16cc00b000 r--s 00003000 08:08 2901352                    /home/nim_13515091/.gradle/wrapper/dists/gradle-4.1-all/bzyivzo6n839fup2jbap0tjew/gradle-4.1/lib/annotations-13.0.jar
7f16cc00b000-7f16cc015000 r--s 00073000 08:08 2901353                    /home/nim_13515091/.gradle/wrapper/dists/gradle-4.1-all/bzyivzo6n839fup2jbap0tjew/gradle-4.1/lib/gradle-kotlin-dsl-0.10.3.jar
7f16cc015000-7f16cc01a000 r--s 00013000 08:08 2901369                    /home/nim_13515091/.gradle/wrapper/dists/gradle-4.1-all/bzyivzo6n839fup2jbap0tjew/gradle-4.1/lib/gradle-resources-4.1.jar
7f16cc01a000-7f16cc01c000 r--s 00005000 08:08 2901376                    /home/nim_13515091/.gradle/wrapper/dists/gradle-4.1-all/bzyivzo6n839fup2jbap0tjew/gradle-4.1/lib/gradle-cli-4.1.jar
7f16cc01c000-7f16cc01e000 r--s 00003000 08:08 2901383                    /home/nim_13515091/.gradle/wrapper/dists/gradle-4.1-all/bzyivzo6n839fup2jbap0tjew/gradle-4.1/lib/jcl-over-slf4j-1.7.10.jar
7f16cc01e000-7f16cc01f000 r--s 00005000 08:08 2901382                    /home/nim_13515091/.gradle/wrapper/dists/gradle-4.1-all/bzyivzo6n839fup2jbap0tjew/gradle-4.1/lib/log4j-over-slf4j-1.7.10.jar
7f16cc01f000-7f16cc021000 r--s 00000000 08:08 2901381                    /home/nim_13515091/.gradle/wrapper/dists/gradle-4.1-all/bzyivzo6n839fup2jbap0tjew/gradle-4.1/lib/jul-to-slf4j-1.7.10.jar
7f16cc021000-7f16cc028000 r--s 0002c000 08:08 2901367                    /home/nim_13515091/.gradle/wrapper/dists/gradle-4.1-all/bzyivzo6n839fup2jbap0tjew/gradle-4.1/lib/gradle-logging-4.1.jar
7f16cc028000-7f16cc038000 r--s 00082000 08:08 2901372                    /home/nim_13515091/.gradle/wrapper/dists/gradle-4.1-all/bzyivzo6n839fup2jbap0tjew/gradle-4.1/lib/gradle-model-core-4.1.jar
7f16cc038000-7f16cc03a000 r--s 00006000 08:08 2901373                    /home/nim_13515091/.gradle/wrapper/dists/gradle-4.1-all/bzyivzo6n839fup2jbap0tjew/gradle-4.1/lib/gradle-base-services-groovy-4.1.jar
7f16cc03a000-7f16cc03c000 r--s 00007000 08:08 2901371                    /home/nim_13515091/.gradle/wrapper/dists/gradle-4.1-all/bzyivzo6n839fup2jbap0tjew/gradle-4.1/lib/gradle-model-groovy-4.1.jar
7f16cc03c000-7f16cc03d000 r--s 00002000 08:08 2901394                    /home/nim_13515091/.gradle/wrapper/dists/gradle-4.1-all/bzyivzo6n839fup2jbap0tjew/gradle-4.1/lib/gradle-docs-4.1.jar
7f16cc03d000-7f16cc04a000 r--s 00083000 08:08 2901392                    /home/nim_13515091/.gradle/wrapper/dists/gradle-4.1-all/bzyivzo6n839fup2jbap0tjew/gradle-4.1/lib/commons-collections-3.2.2.jar
7f16cc04a000-7f16cc04b000 r--s 00000000 08:08 2901391                    /home/nim_13515091/.gradle/wrapper/dists/gradle-4.1-all/bzyivzo6n839fup2jbap0tjew/gradle-4.1/lib/javax.inject-1.jar
7f16cc04b000-7f16cc04e000 r--s 00023000 08:08 2901395                    /home/nim_13515091/.gradle/wrapper/dists/gradle-4.1-all/bzyivzo6n839fup2jbap0tjew/gradle-4.1/lib/jansi-1.14.jar
7f16cc04e000-7f16cc04f000 r--s 00004000 08:08 2901397                    /home/nim_13515091/.gradle/wrapper/dists/gradle-4.1-all/bzyivzo6n839fup2jbap0tjew/gradle-4.1/lib/native-platform-freebsd-amd64-libcpp-0.14.jar
7f16cc04f000-7f16cc050000 r--s 00004000 08:08 2901398                    /home/nim_13515091/.gradle/wrapper/dists/gradle-4.1-all/bzyivzo6n839fup2jbap0tjew/gradle-4.1/lib/native-platform-freebsd-amd64-libstdcpp-0.14.jar
7f16cc050000-7f16cc051000 r--s 00004000 08:08 2901399                    /home/nim_13515091/.gradle/wrapper/dists/gradle-4.1-all/bzyivzo6n839fup2jbap0tjew/gradle-4.1/lib/native-platform-freebsd-i386-libcpp-0.14.jar
7f16cc051000-7f16cc052000 r--s 00003000 08:08 2901400                    /home/nim_13515091/.gradle/wrapper/dists/gradle-4.1-all/bzyivzo6n839fup2jbap0tjew/gradle-4.1/lib/native-platform-freebsd-i386-libstdcpp-0.14.jar
7f16cc052000-7f16cc053000 r--s 00002000 08:08 2901401                    /home/nim_13515091/.gradle/wrapper/dists/gradle-4.1-all/bzyivzo6n839fup2jbap0tjew/gradle-4.1/lib/native-platform-linux-amd64-0.14.jar
7f16cc053000-7f16cc054000 r--s 00002000 08:08 2901402                    /home/nim_13515091/.gradle/wrapper/dists/gradle-4.1-all/bzyivzo6n839fup2jbap0tjew/gradle-4.1/lib/native-platform-linux-i386-0.14.jar
7f16cc054000-7f16cc056000 r--s 00002000 08:08 2901403                    /home/nim_13515091/.gradle/wrapper/dists/gradle-4.1-all/bzyivzo6n839fup2jbap0tjew/gradle-4.1/lib/native-platform-osx-amd64-0.14.jar
7f16cc056000-7f16cc057000 r--s 00003000 08:08 2901404                    /home/nim_13515091/.gradle/wrapper/dists/gradle-4.1-all/bzyivzo6n839fup2jbap0tjew/gradle-4.1/lib/native-platform-osx-i386-0.14.jar
7f16cc057000-7f16cc059000 r--s 0000b000 08:08 2901405                    /home/nim_13515091/.gradle/wrapper/dists/gradle-4.1-all/bzyivzo6n839fup2jbap0tjew/gradle-4.1/lib/native-platform-windows-amd64-0.14.jar
7f16cc059000-7f16cc05a000 r--s 0000b000 08:08 2901406                    /home/nim_13515091/.gradle/wrapper/dists/gradle-4.1-all/bzyivzo6n839fup2jbap0tjew/gradle-4.1/lib/native-platform-windows-i386-0.14.jar
7f16cc05a000-7f16cc05b000 r--s 00001000 08:08 2901407                    /home/nim_13515091/.gradle/wrapper/dists/gradle-4.1-all/bzyivzo6n839fup2jbap0tjew/gradle-4.1/lib/native-platform-linux-amd64-ncurses5-0.14.jar
7f16cc05b000-7f16cc05c000 r--s 00001000 08:08 2901408                    /home/nim_13515091/.gradle/wrapper/dists/gradle-4.1-all/bzyivzo6n839fup2jbap0tjew/gradle-4.1/lib/native-platform-linux-amd64-ncurses6-0.14.jar
7f16cc05c000-7f16cc060000 r--s 00012000 08:08 2901393                    /home/nim_13515091/.gradle/wrapper/dists/gradle-4.1-all/bzyivzo6n839fup2jbap0tjew/gradle-4.1/lib/native-platform-0.14.jar
7f16cc060000-7f16cc063000 r--s 0000c000 08:08 2901370                    /home/nim_13515091/.gradle/wrapper/dists/gradle-4.1-all/bzyivzo6n839fup2jbap0tjew/gradle-4.1/lib/gradle-native-4.1.jar
7f16cc063000-7f16cc065000 r--s 0000f000 08:08 2901378                    /home/nim_13515091/.gradle/wrapper/dists/gradle-4.1-all/bzyivzo6n839fup2jbap0tjew/gradle-4.1/lib/reflectasm-1.07-shaded.jar
7f16cc065000-7f16cc067000 r--s 00000000 08:08 2901411                    /home/nim_13515091/.gradle/wrapper/dists/gradle-4.1-all/bzyivzo6n839fup2jbap0tjew/gradle-4.1/lib/minlog-1.2.jar
7f16cc067000-7f16cc08f000 r--s 001cf000 08:08 2901385                    /home/nim_13515091/.gradle/wrapper/dists/gradle-4.1-all/bzyivzo6n839fup2jbap0tjew/gradle-4.1/lib/guava-jdk5-17.0.jar
7f16cc08f000-7f16cc0ae000 r--s 001d1000 08:08 2901390                    /home/nim_13515091/.gradle/wrapper/dists/gradle-4.1-all/bzyivzo6n839fup2jbap0tjew/gradle-4.1/lib/ant-1.9.6.jar
7f16cc0ae000-7f16cc0f8000 r--s 00253000 08:08 2901365                    /home/nim_13515091/.gradle/wrapper/dists/gradle-4.1-all/bzyivzo6n839fup2jbap0tjew/gradle-4.1/lib/gradle-core-4.1.jar
7f16cc0f8000-7f16cd0b8000 rw-p 00000000 00:00 0 
7f16cd0b8000-7f16cd288000 r--s 03c46000 08:08 438398                     /home/nim_13515091/android-studio/jre/jre/lib/rt.jar
7f16cd288000-7f16d0dfe000 rw-p 00000000 00:00 0 
7f16d0dfe000-7f16d0dff000 ---p 00000000 00:00 0 
7f16d0dff000-7f16d0eff000 rw-p 00000000 00:00 0 
7f16d0eff000-7f16d0f00000 ---p 00000000 00:00 0 
7f16d0f00000-7f16d1000000 rw-p 00000000 00:00 0 
7f16d1000000-7f16d4400000 rwxp 00000000 00:00 0 
7f16d4400000-7f16e0000000 ---p 00000000 00:00 0 
7f16e0000000-7f16e0c86000 rw-p 00000000 00:00 0 
7f16e0c86000-7f16e4000000 ---p 00000000 00:00 0 
7f16e4000000-7f16e4001000 r--s 00001000 08:08 2901409                    /home/nim_13515091/.gradle/wrapper/dists/gradle-4.1-all/bzyivzo6n839fup2jbap0tjew/gradle-4.1/lib/native-platform-linux-i386-ncurses5-0.14.jar
7f16e4001000-7f16e4003000 r--s 00007000 08:08 2901412                    /home/nim_13515091/.gradle/wrapper/dists/gradle-4.1-all/bzyivzo6n839fup2jbap0tjew/gradle-4.1/lib/objenesis-1.2.jar
7f16e4003000-7f16e4007000 r--s 00026000 08:08 2901377                    /home/nim_13515091/.gradle/wrapper/dists/gradle-4.1-all/bzyivzo6n839fup2jbap0tjew/gradle-4.1/lib/kryo-2.20.jar
7f16e4007000-7f16e400d000 r--s 0002b000 08:08 2901374                    /home/nim_13515091/.gradle/wrapper/dists/gradle-4.1-all/bzyivzo6n839fup2jbap0tjew/gradle-4.1/lib/gradle-messaging-4.1.jar
7f16e400d000-7f16e400f000 r--s 00006000 08:08 2901368                    /home/nim_13515091/.gradle/wrapper/dists/gradle-4.1-all/bzyivzo6n839fup2jbap0tjew/gradle-4.1/lib/gradle-process-services-4.1.jar
7f16e400f000-7f16e4014000 r--s 00041000 08:08 2901387                    /home/nim_13515091/.gradle/wrapper/dists/gradle-4.1-all/bzyivzo6n839fup2jbap0tjew/gradle-4.1/lib/commons-lang-2.6.jar
7f16e4014000-7f16e4035000 rw-p 00000000 00:00 0 
7f16e4035000-7f16e4036000 ---p 00000000 00:00 0 
7f16e4036000-7f16e4136000 rw-p 00000000 00:00 0 
7f16e4136000-7f16e4137000 ---p 00000000 00:00 0 
7f16e4137000-7f16e4395000 rw-p 00000000 00:00 0 
7f16e4395000-7f16e4437000 ---p 00000000 00:00 0 
7f16e4437000-7f16e4595000 rw-p 00000000 00:00 0 
7f16e4595000-7f16e4637000 ---p 00000000 00:00 0 
7f16e4637000-7f16e4737000 rw-p 00000000 00:00 0 
7f16e4737000-7f16e4808000 rw-p 00000000 00:00 0 
7f16e4808000-7f16e4af8000 ---p 00000000 00:00 0 
7f16e4af8000-7f16e4b12000 r-xp 00000000 08:08 438421                     /home/nim_13515091/android-studio/jre/jre/lib/amd64/libzip.so
7f16e4b12000-7f16e4d12000 ---p 0001a000 08:08 438421                     /home/nim_13515091/android-studio/jre/jre/lib/amd64/libzip.so
7f16e4d12000-7f16e4d13000 r--p 0001a000 08:08 438421                     /home/nim_13515091/android-studio/jre/jre/lib/amd64/libzip.so
7f16e4d13000-7f16e4d14000 rw-p 0001b000 08:08 438421                     /home/nim_13515091/android-studio/jre/jre/lib/amd64/libzip.so
7f16e4d14000-7f16e4d1f000 r-xp 00000000 08:08 1317590                    /lib/x86_64-linux-gnu/libnss_files-2.23.so
7f16e4d1f000-7f16e4f1e000 ---p 0000b000 08:08 1317590                    /lib/x86_64-linux-gnu/libnss_files-2.23.so
7f16e4f1e000-7f16e4f1f000 r--p 0000a000 08:08 1317590                    /lib/x86_64-linux-gnu/libnss_files-2.23.so
7f16e4f1f000-7f16e4f20000 rw-p 0000b000 08:08 1317590                    /lib/x86_64-linux-gnu/libnss_files-2.23.so
7f16e4f20000-7f16e4f26000 rw-p 00000000 00:00 0 
7f16e4f26000-7f16e4f31000 r-xp 00000000 08:08 1317594                    /lib/x86_64-linux-gnu/libnss_nis-2.23.so
7f16e4f31000-7f16e5130000 ---p 0000b000 08:08 1317594                    /lib/x86_64-linux-gnu/libnss_nis-2.23.so
7f16e5130000-7f16e5131000 r--p 0000a000 08:08 1317594                    /lib/x86_64-linux-gnu/libnss_nis-2.23.so
7f16e5131000-7f16e5132000 rw-p 0000b000 08:08 1317594                    /lib/x86_64-linux-gnu/libnss_nis-2.23.so
7f16e5132000-7f16e5148000 r-xp 00000000 08:08 1315718                    /lib/x86_64-linux-gnu/libnsl-2.23.so
7f16e5148000-7f16e5347000 ---p 00016000 08:08 1315718                    /lib/x86_64-linux-gnu/libnsl-2.23.so
7f16e5347000-7f16e5348000 r--p 00015000 08:08 1315718                    /lib/x86_64-linux-gnu/libnsl-2.23.so
7f16e5348000-7f16e5349000 rw-p 00016000 08:08 1315718                    /lib/x86_64-linux-gnu/libnsl-2.23.so
7f16e5349000-7f16e534b000 rw-p 00000000 00:00 0 
7f16e534b000-7f16e5353000 r-xp 00000000 08:08 1317585                    /lib/x86_64-linux-gnu/libnss_compat-2.23.so
7f16e5353000-7f16e5552000 ---p 00008000 08:08 1317585                    /lib/x86_64-linux-gnu/libnss_compat-2.23.so
7f16e5552000-7f16e5553000 r--p 00007000 08:08 1317585                    /lib/x86_64-linux-gnu/libnss_compat-2.23.so
7f16e5553000-7f16e5554000 rw-p 00008000 08:08 1317585                    /lib/x86_64-linux-gnu/libnss_compat-2.23.so
7f16e5554000-7f16e5581000 r-xp 00000000 08:08 438420                     /home/nim_13515091/android-studio/jre/jre/lib/amd64/libjava.so
7f16e5581000-7f16e5780000 ---p 0002d000 08:08 438420                     /home/nim_13515091/android-studio/jre/jre/lib/amd64/libjava.so
7f16e5780000-7f16e5781000 r--p 0002c000 08:08 438420                     /home/nim_13515091/android-studio/jre/jre/lib/amd64/libjava.so
7f16e5781000-7f16e5783000 rw-p 0002d000 08:08 438420                     /home/nim_13515091/android-studio/jre/jre/lib/amd64/libjava.so
7f16e5783000-7f16e5793000 r-xp 00000000 08:08 438426                     /home/nim_13515091/android-studio/jre/jre/lib/amd64/libverify.so
7f16e5793000-7f16e5992000 ---p 00010000 08:08 438426                     /home/nim_13515091/android-studio/jre/jre/lib/amd64/libverify.so
7f16e5992000-7f16e5994000 r--p 0000f000 08:08 438426                     /home/nim_13515091/android-studio/jre/jre/lib/amd64/libverify.so
7f16e5994000-7f16e5995000 rw-p 00011000 08:08 438426                     /home/nim_13515091/android-studio/jre/jre/lib/amd64/libverify.so
7f16e5995000-7f16e599c000 r-xp 00000000 08:08 1317595                    /lib/x86_64-linux-gnu/librt-2.23.so
7f16e599c000-7f16e5b9b000 ---p 00007000 08:08 1317595                    /lib/x86_64-linux-gnu/librt-2.23.so
7f16e5b9b000-7f16e5b9c000 r--p 00006000 08:08 1317595                    /lib/x86_64-linux-gnu/librt-2.23.so
7f16e5b9c000-7f16e5b9d000 rw-p 00007000 08:08 1317595                    /lib/x86_64-linux-gnu/librt-2.23.so
7f16e5b9d000-7f16e5ca5000 r-xp 00000000 08:08 1310746                    /lib/x86_64-linux-gnu/libm-2.23.so
7f16e5ca5000-7f16e5ea4000 ---p 00108000 08:08 1310746                    /lib/x86_64-linux-gnu/libm-2.23.so
7f16e5ea4000-7f16e5ea5000 r--p 00107000 08:08 1310746                    /lib/x86_64-linux-gnu/libm-2.23.so
7f16e5ea5000-7f16e5ea6000 rw-p 00108000 08:08 1310746                    /lib/x86_64-linux-gnu/libm-2.23.so
7f16e5ea6000-7f16e6a9e000 r-xp 00000000 08:08 438430                     /home/nim_13515091/android-studio/jre/jre/lib/amd64/server/libjvm.so
7f16e6a9e000-7f16e6c9e000 ---p 00bf8000 08:08 438430                     /home/nim_13515091/android-studio/jre/jre/lib/amd64/server/libjvm.so
7f16e6c9e000-7f16e6d3d000 r--p 00bf8000 08:08 438430                     /home/nim_13515091/android-studio/jre/jre/lib/amd64/server/libjvm.so
7f16e6d3d000-7f16e6d66000 rw-p 00c97000 08:08 438430                     /home/nim_13515091/android-studio/jre/jre/lib/amd64/server/libjvm.so
7f16e6d66000-7f16e6daa000 rw-p 00000000 00:00 0 
7f16e6daa000-7f16e6dc2000 r-xp 00000000 08:08 1315946                    /lib/x86_64-linux-gnu/libpthread-2.23.so
7f16e6dc2000-7f16e6fc1000 ---p 00018000 08:08 1315946                    /lib/x86_64-linux-gnu/libpthread-2.23.so
7f16e6fc1000-7f16e6fc2000 r--p 00017000 08:08 1315946                    /lib/x86_64-linux-gnu/libpthread-2.23.so
7f16e6fc2000-7f16e6fc3000 rw-p 00018000 08:08 1315946                    /lib/x86_64-linux-gnu/libpthread-2.23.so
7f16e6fc3000-7f16e6fc7000 rw-p 00000000 00:00 0 
7f16e6fc7000-7f16e6fca000 r-xp 00000000 08:08 1317579                    /lib/x86_64-linux-gnu/libdl-2.23.so
7f16e6fca000-7f16e71c9000 ---p 00003000 08:08 1317579                    /lib/x86_64-linux-gnu/libdl-2.23.so
7f16e71c9000-7f16e71ca000 r--p 00002000 08:08 1317579                    /lib/x86_64-linux-gnu/libdl-2.23.so
7f16e71ca000-7f16e71cb000 rw-p 00003000 08:08 1317579                    /lib/x86_64-linux-gnu/libdl-2.23.so
7f16e71cb000-7f16e738b000 r-xp 00000000 08:08 1315947                    /lib/x86_64-linux-gnu/libc-2.23.so
7f16e738b000-7f16e758b000 ---p 001c0000 08:08 1315947                    /lib/x86_64-linux-gnu/libc-2.23.so
7f16e758b000-7f16e758f000 r--p 001c0000 08:08 1315947                    /lib/x86_64-linux-gnu/libc-2.23.so
7f16e758f000-7f16e7591000 rw-p 001c4000 08:08 1315947                    /lib/x86_64-linux-gnu/libc-2.23.so
7f16e7591000-7f16e7595000 rw-p 00000000 00:00 0 
7f16e7595000-7f16e75ab000 r-xp 00000000 08:08 438367                     /home/nim_13515091/android-studio/jre/lib/amd64/jli/libjli.so
7f16e75ab000-7f16e77aa000 ---p 00016000 08:08 438367                     /home/nim_13515091/android-studio/jre/lib/amd64/jli/libjli.so
7f16e77aa000-7f16e77ab000 r--p 00015000 08:08 438367                     /home/nim_13515091/android-studio/jre/lib/amd64/jli/libjli.so
7f16e77ab000-7f16e77ac000 rw-p 00016000 08:08 438367                     /home/nim_13515091/android-studio/jre/lib/amd64/jli/libjli.so
7f16e77ac000-7f16e77d2000 r-xp 00000000 08:08 1315776                    /lib/x86_64-linux-gnu/ld-2.23.so
7f16e77d2000-7f16e77d3000 r--s 00001000 08:08 2901410                    /home/nim_13515091/.gradle/wrapper/dists/gradle-4.1-all/bzyivzo6n839fup2jbap0tjew/gradle-4.1/lib/native-platform-linux-i386-ncurses6-0.14.jar
7f16e77d3000-7f16e77d5000 r--s 00000000 08:08 2901366                    /home/nim_13515091/.gradle/wrapper/dists/gradle-4.1-all/bzyivzo6n839fup2jbap0tjew/gradle-4.1/lib/gradle-jvm-services-4.1.jar
7f16e77d5000-7f16e77d8000 r--s 00006000 08:08 2901386                    /home/nim_13515091/.gradle/wrapper/dists/gradle-4.1-all/bzyivzo6n839fup2jbap0tjew/gradle-4.1/lib/jsr305-1.3.9.jar
7f16e77d8000-7f16e77dc000 r--s 00027000 08:08 2901380                    /home/nim_13515091/.gradle/wrapper/dists/gradle-4.1-all/bzyivzo6n839fup2jbap0tjew/gradle-4.1/lib/commons-io-2.2.jar
7f16e77dc000-7f16e77e4000 r--s 000bd000 08:08 2901379                    /home/nim_13515091/.gradle/wrapper/dists/gradle-4.1-all/bzyivzo6n839fup2jbap0tjew/gradle-4.1/lib/asm-debug-all-6.0_ALPHA.jar
7f16e77e4000-7f16e77f0000 r--s 00053000 08:08 2901375                    /home/nim_13515091/.gradle/wrapper/dists/gradle-4.1-all/bzyivzo6n839fup2jbap0tjew/gradle-4.1/lib/gradle-base-services-4.1.jar
7f16e77f0000-7f16e78b2000 rw-p 00000000 00:00 0 
7f16e78b2000-7f16e78b5000 ---p 00000000 00:00 0 
7f16e78b5000-7f16e79b7000 rw-p 00000000 00:00 0 
7f16e79b7000-7f16e79b8000 r--s 00000000 08:08 2901388                    /home/nim_13515091/.gradle/wrapper/dists/gradle-4.1-all/bzyivzo6n839fup2jbap0tjew/gradle-4.1/lib/jcip-annotations-1.0.jar
7f16e79b8000-7f16e79b9000 r--s 00007000 08:08 2901384                    /home/nim_13515091/.gradle/wrapper/dists/gradle-4.1-all/bzyivzo6n839fup2jbap0tjew/gradle-4.1/lib/slf4j-api-1.7.10.jar
7f16e79b9000-7f16e79ba000 r--s 00004000 08:08 2901396                    /home/nim_13515091/.gradle/wrapper/dists/gradle-4.1-all/bzyivzo6n839fup2jbap0tjew/gradle-4.1/lib/ant-launcher-1.9.6.jar
7f16e79ba000-7f16e79c6000 r--s 0005c000 08:08 2901360                    /home/nim_13515091/.gradle/wrapper/dists/gradle-4.1-all/bzyivzo6n839fup2jbap0tjew/gradle-4.1/lib/gradle-launcher-4.1.jar
7f16e79c6000-7f16e79ce000 rw-s 00000000 08:08 441989                     /tmp/hsperfdata_nim_13515091/15257
7f16e79ce000-7f16e79cf000 rw-p 00000000 00:00 0 
7f16e79cf000-7f16e79d0000 ---p 00000000 00:00 0 
7f16e79d0000-7f16e79d1000 rw-p 00000000 00:00 0 
7f16e79d1000-7f16e79d2000 r--p 00025000 08:08 1315776                    /lib/x86_64-linux-gnu/ld-2.23.so
7f16e79d2000-7f16e79d3000 rw-p 00026000 08:08 1315776                    /lib/x86_64-linux-gnu/ld-2.23.so
7f16e79d3000-7f16e79d4000 rw-p 00000000 00:00 0 
7ffc01dc8000-7ffc01de9000 rw-p 00000000 00:00 0                          [stack]
7ffc01dfc000-7ffc01dfe000 r--p 00000000 00:00 0                          [vvar]
7ffc01dfe000-7ffc01e00000 r-xp 00000000 00:00 0                          [vdso]
ffffffffff600000-ffffffffff601000 r-xp 00000000 00:00 0                  [vsyscall]

VM Arguments:
jvm_args: -Xmx1536m -Dfile.encoding=UTF-8 -Duser.country=US -Duser.language=en -Duser.variant 
java_command: org.gradle.launcher.daemon.bootstrap.GradleDaemon 4.1
java_class_path (initial): /home/nim_13515091/.gradle/wrapper/dists/gradle-4.1-all/bzyivzo6n839fup2jbap0tjew/gradle-4.1/lib/gradle-launcher-4.1.jar
Launcher Type: SUN_STANDARD

Environment Variables:
PATH=/home/nim_13515091/bin:/home/nim_13515091/.local/bin:/usr/local/sbin:/usr/local/bin:/usr/sbin:/usr/bin:/sbin:/bin:/usr/games:/usr/local/games
LD_LIBRARY_PATH=/home/nim_13515091/android-studio/bin:
SHELL=/bin/bash
DISPLAY=:0

Signal Handlers:
SIGSEGV: [libjvm.so+0x9ebc60], sa_mask[0]=11111111011111111101111111111110, sa_flags=SA_RESTART|SA_SIGINFO
SIGBUS: [libjvm.so+0x9ebc60], sa_mask[0]=11111111011111111101111111111110, sa_flags=SA_RESTART|SA_SIGINFO
SIGFPE: [libjvm.so+0x84cf60], sa_mask[0]=11111111011111111101111111111110, sa_flags=SA_RESTART|SA_SIGINFO
SIGPIPE: [libjvm.so+0x84cf60], sa_mask[0]=11111111011111111101111111111110, sa_flags=SA_RESTART|SA_SIGINFO
SIGXFSZ: [libjvm.so+0x84cf60], sa_mask[0]=11111111011111111101111111111110, sa_flags=SA_RESTART|SA_SIGINFO
SIGILL: [libjvm.so+0x84cf60], sa_mask[0]=11111111011111111101111111111110, sa_flags=SA_RESTART|SA_SIGINFO
SIGUSR1: SIG_DFL, sa_mask[0]=00000000000000000000000000000000, sa_flags=none
SIGUSR2: [libjvm.so+0x84ce30], sa_mask[0]=00100000000000000000000000000000, sa_flags=SA_RESTART|SA_SIGINFO
SIGHUP: [libjvm.so+0x84d020], sa_mask[0]=11111111011111111101111111111110, sa_flags=SA_RESTART|SA_SIGINFO
SIGINT: [libjvm.so+0x84d020], sa_mask[0]=11111111011111111101111111111110, sa_flags=SA_RESTART|SA_SIGINFO
SIGTERM: [libjvm.so+0x84d020], sa_mask[0]=11111111011111111101111111111110, sa_flags=SA_RESTART|SA_SIGINFO
SIGQUIT: [libjvm.so+0x84d020], sa_mask[0]=11111111011111111101111111111110, sa_flags=SA_RESTART|SA_SIGINFO


---------------  S Y S T E M  ---------------

OS:DISTRIB_ID=LinuxMint
DISTRIB_RELEASE=18.2
DISTRIB_CODENAME=sonya
DISTRIB_DESCRIPTION="Linux Mint 18.2 Sonya"

uname:Linux 4.8.0-53-generic #56~16.04.1-Ubuntu SMP Tue May 16 01:18:56 UTC 2017 x86_64
libc:glibc 2.23 NPTL 2.23 
rlimit: STACK 8192k, CORE 0k, NPROC 15040, NOFILE 1048576, AS infinity
load average:15,87 7,94 5,72

/proc/meminfo:
MemTotal:        3946756 kB
MemFree:          106708 kB
MemAvailable:      39268 kB
Buffers:            1716 kB
Cached:           151728 kB
SwapCached:         5660 kB
Active:          2980524 kB
Inactive:         620976 kB
Active(anon):    2949356 kB
Inactive(anon):   589868 kB
Active(file):      31168 kB
Inactive(file):    31108 kB
Unevictable:          64 kB
Mlocked:              64 kB
SwapTotal:       1998844 kB
SwapFree:          18788 kB
Dirty:               260 kB
Writeback:          1340 kB
AnonPages:       3442920 kB
Mapped:            70188 kB
Shmem:             91084 kB
Slab:              91008 kB
SReclaimable:      41408 kB
SUnreclaim:        49600 kB
KernelStack:       12800 kB
PageTables:        66056 kB
NFS_Unstable:          0 kB
Bounce:                0 kB
WritebackTmp:          0 kB
CommitLimit:     3972220 kB
Committed_AS:   10547688 kB
VmallocTotal:   34359738367 kB
VmallocUsed:           0 kB
VmallocChunk:          0 kB
HardwareCorrupted:     0 kB
AnonHugePages:    575488 kB
ShmemHugePages:        0 kB
ShmemPmdMapped:        0 kB
CmaTotal:              0 kB
CmaFree:               0 kB
HugePages_Total:       0
HugePages_Free:        0
HugePages_Rsvd:        0
HugePages_Surp:        0
Hugepagesize:       2048 kB
DirectMap4k:      517312 kB
DirectMap2M:     3577856 kB
DirectMap1G:           0 kB


CPU:total 4 (initial active 4) (2 cores per cpu, 2 threads per core) family 6 model 61 stepping 4, cmov, cx8, fxsr, mmx, sse, sse2, sse3, ssse3, sse4.1, sse4.2, popcnt, avx, avx2, aes, clmul, erms, 3dnowpref, lzcnt, ht, tsc, tscinvbit, bmi1, bmi2, adx

/proc/cpuinfo:
processor	: 0
vendor_id	: GenuineIntel
cpu family	: 6
model		: 61
model name	: Intel(R) Core(TM) i5-5200U CPU @ 2.20GHz
stepping	: 4
microcode	: 0x13
cpu MHz		: 2005.163
cache size	: 3072 KB
physical id	: 0
siblings	: 4
core id		: 0
cpu cores	: 2
apicid		: 0
initial apicid	: 0
fpu		: yes
fpu_exception	: yes
cpuid level	: 20
wp		: yes
flags		: fpu vme de pse tsc msr pae mce cx8 apic sep mtrr pge mca cmov pat pse36 clflush dts acpi mmx fxsr sse sse2 ss ht tm pbe syscall nx pdpe1gb rdtscp lm constant_tsc arch_perfmon pebs bts rep_good nopl xtopology nonstop_tsc aperfmperf eagerfpu pni pclmulqdq dtes64 monitor ds_cpl vmx est tm2 ssse3 sdbg fma cx16 xtpr pdcm pcid sse4_1 sse4_2 x2apic movbe popcnt tsc_deadline_timer aes xsave avx f16c rdrand lahf_lm abm 3dnowprefetch epb intel_pt tpr_shadow vnmi flexpriority ept vpid fsgsbase tsc_adjust bmi1 avx2 smep bmi2 erms invpcid rdseed adx smap xsaveopt dtherm ida arat pln pts
bugs		:
bogomips	: 4393.75
clflush size	: 64
cache_alignment	: 64
address sizes	: 39 bits physical, 48 bits virtual
power management:

processor	: 1
vendor_id	: GenuineIntel
cpu family	: 6
model		: 61
model name	: Intel(R) Core(TM) i5-5200U CPU @ 2.20GHz
stepping	: 4
microcode	: 0x13
cpu MHz		: 1392.590
cache size	: 3072 KB
physical id	: 0
siblings	: 4
core id		: 1
cpu cores	: 2
apicid		: 2
initial apicid	: 2
fpu		: yes
fpu_exception	: yes
cpuid level	: 20
wp		: yes
flags		: fpu vme de pse tsc msr pae mce cx8 apic sep mtrr pge mca cmov pat pse36 clflush dts acpi mmx fxsr sse sse2 ss ht tm pbe syscall nx pdpe1gb rdtscp lm constant_tsc arch_perfmon pebs bts rep_good nopl xtopology nonstop_tsc aperfmperf eagerfpu pni pclmulqdq dtes64 monitor ds_cpl vmx est tm2 ssse3 sdbg fma cx16 xtpr pdcm pcid sse4_1 sse4_2 x2apic movbe popcnt tsc_deadline_timer aes xsave avx f16c rdrand lahf_lm abm 3dnowprefetch epb intel_pt tpr_shadow vnmi flexpriority ept vpid fsgsbase tsc_adjust bmi1 avx2 smep bmi2 erms invpcid rdseed adx smap xsaveopt dtherm ida arat pln pts
bugs		:
bogomips	: 4393.75
clflush size	: 64
cache_alignment	: 64
address sizes	: 39 bits physical, 48 bits virtual
power management:

processor	: 2
vendor_id	: GenuineIntel
cpu family	: 6
model		: 61
model name	: Intel(R) Core(TM) i5-5200U CPU @ 2.20GHz
stepping	: 4
microcode	: 0x13
cpu MHz		: 1088.317
cache size	: 3072 KB
physical id	: 0
siblings	: 4
core id		: 0
cpu cores	: 2
apicid		: 1
initial apicid	: 1
fpu		: yes
fpu_exception	: yes
cpuid level	: 20
wp		: yes
flags		: fpu vme de pse tsc msr pae mce cx8 apic sep mtrr pge mca cmov pat pse36 clflush dts acpi mmx fxsr sse sse2 ss ht tm pbe syscall nx pdpe1gb rdtscp lm constant_tsc arch_perfmon pebs bts rep_good nopl xtopology nonstop_tsc aperfmperf eagerfpu pni pclmulqdq dtes64 monitor ds_cpl vmx est tm2 ssse3 sdbg fma cx16 xtpr pdcm pcid sse4_1 sse4_2 x2apic movbe popcnt tsc_deadline_timer aes xsave avx f16c rdrand lahf_lm abm 3dnowprefetch epb intel_pt tpr_shadow vnmi flexpriority ept vpid fsgsbase tsc_adjust bmi1 avx2 smep bmi2 erms invpcid rdseed adx smap xsaveopt dtherm ida arat pln pts
bugs		:
bogomips	: 4393.75
clflush size	: 64
cache_alignment	: 64
address sizes	: 39 bits physical, 48 bits virtual
power management:

processor	: 3
vendor_id	: GenuineIntel
cpu family	: 6
model		: 61
model name	: Intel(R) Core(TM) i5-5200U CPU @ 2.20GHz
stepping	: 4
microcode	: 0x13
cpu MHz		: 1788.171
cache size	: 3072 KB
physical id	: 0
siblings	: 4
core id		: 1
cpu cores	: 2
apicid		: 3
initial apicid	: 3
fpu		: yes
fpu_exception	: yes
cpuid level	: 20
wp		: yes
flags		: fpu vme de pse tsc msr pae mce cx8 apic sep mtrr pge mca cmov pat pse36 clflush dts acpi mmx fxsr sse sse2 ss ht tm pbe syscall nx pdpe1gb rdtscp lm constant_tsc arch_perfmon pebs bts rep_good nopl xtopology nonstop_tsc aperfmperf eagerfpu pni pclmulqdq dtes64 monitor ds_cpl vmx est tm2 ssse3 sdbg fma cx16 xtpr pdcm pcid sse4_1 sse4_2 x2apic movbe popcnt tsc_deadline_timer aes xsave avx f16c rdrand lahf_lm abm 3dnowprefetch epb intel_pt tpr_shadow vnmi flexpriority ept vpid fsgsbase tsc_adjust bmi1 avx2 smep bmi2 erms invpcid rdseed adx smap xsaveopt dtherm ida arat pln pts
bugs		:
bogomips	: 4393.75
clflush size	: 64
cache_alignment	: 64
address sizes	: 39 bits physical, 48 bits virtual
power management:



Memory: 4k page, physical 3946756k(106708k free), swap 1998844k(18788k free)

vm_info: OpenJDK 64-Bit Server VM (25.152-b01) for linux-amd64 JRE (1.8.0_152-release-915-b01), built by "builder" with gcc 4.8.4

time: Fri Feb 23 23:05:52 2018
elapsed time: 225 seconds (0d 0h 3m 45s)

